<?xml version="1.0" encoding="UTF-8"?>
<testsuite name="com.ssd.integrationTest.db.EncryptionIT" tests="1" skipped="0" failures="0" errors="0" timestamp="2024-12-04T11:56:01" hostname="Grainnes-MBP" time="0.128">
  <properties/>
  <testcase name="verify decryption()" classname="com.ssd.integrationTest.db.EncryptionIT" time="0.128"/>
  <system-out><![CDATA[2024-12-04 11:55:55 [Test worker] INFO  o.s.t.c.s.AnnotationConfigContextLoaderUtils - Could not detect default configuration classes for test class [com.ssd.integrationTest.db.EncryptionIT]: EncryptionIT does not declare any static, non-private, non-final, nested classes annotated with @Configuration.
2024-12-04 11:55:55 [Test worker] INFO  o.s.b.t.c.SpringBootTestContextBootstrapper - Found @SpringBootConfiguration com.ssd.ProductApiApplication for test class com.ssd.integrationTest.db.EncryptionIT
Project root directory: /Users/grainneomalley/damo/workspace/college/damo_partner_portal/product-api
starting pg..
2024-12-04 11:55:55 [Test worker] INFO  tc.docker/compose:1.29.2 - Creating container for image: docker/compose:1.29.2
2024-12-04 11:55:55 [Test worker] INFO  tc.docker/compose:1.29.2 - Container docker/compose:1.29.2 is starting: 15085050acc712edea662113b99bd3ed12784099c89a212077464d730e7db2e6
2024-12-04 11:55:58 [Test worker] INFO  tc.docker/compose:1.29.2 - Container docker/compose:1.29.2 started in PT2.64146S
2024-12-04 11:55:58 [Test worker] INFO  tc.docker/compose:1.29.2 - Docker Compose container is running for command: up -d
2024-12-04 11:55:58 [docker-java-stream-2046906171] INFO  tc.docker/compose:1.29.2 - STDERR: Creating 5dpnce1rcv1r_postgres_1 ... 
2024-12-04 11:55:58 [docker-java-stream-2046906171] INFO  tc.docker/compose:1.29.2 - STDERR: Creating 5dpnce1rcv1r_postgres_1 ... done
2024-12-04 11:55:58 [Test worker] INFO  tc.docker/compose:1.29.2 - Docker Compose has finished running
2024-12-04 11:55:58 [Test worker] INFO  tc.alpine/socat:1.7.4.3-r0 - Creating container for image: alpine/socat:1.7.4.3-r0
2024-12-04 11:55:58 [Test worker] INFO  tc.alpine/socat:1.7.4.3-r0 - Container alpine/socat:1.7.4.3-r0 is starting: 15c4124da7030e9c0ddd45832ccef187d2b63c966b986662f994ec4f031c28c6
2024-12-04 11:55:59 [Test worker] INFO  tc.alpine/socat:1.7.4.3-r0 - Container alpine/socat:1.7.4.3-r0 started in PT0.894909S
pg started

  .   ____          _            __ _ _
 /\\ / ___'_ __ _ _(_)_ __  __ _ \ \ \ \
( ( )\___ | '_ | '_| | '_ \/ _` | \ \ \ \
 \\/  ___)| |_)| | | | | || (_| |  ) ) ) )
  '  |____| .__|_| |_|_| |_\__, | / / / /
 =========|_|==============|___/=/_/_/_/

 :: Spring Boot ::                (v3.3.5)

Registering the jdbcUrl: jdbc:postgresql://localhost:52733/product_db
2024-12-04 11:56:00 [Test worker] INFO  c.s.integrationTest.db.EncryptionIT - Starting EncryptionIT using Java 21.0.4 with PID 62178 (started by grainneomalley in /Users/grainneomalley/damo/workspace/college/damo_partner_portal/product-api)
2024-12-04 11:56:00 [Test worker] INFO  c.s.integrationTest.db.EncryptionIT - No active profile set, falling back to 1 default profile: "default"
2024-12-04 11:56:00 [Test worker] INFO  o.s.d.r.c.RepositoryConfigurationDelegate - Bootstrapping Spring Data JPA repositories in DEFAULT mode.
2024-12-04 11:56:00 [Test worker] INFO  o.s.d.r.c.RepositoryConfigurationDelegate - Finished Spring Data repository scanning in 9 ms. Found 1 JPA repository interface.
2024-12-04 11:56:00 [Test worker] INFO  o.s.b.w.e.tomcat.TomcatWebServer - Tomcat initialized with port 0 (http)
2024-12-04 11:56:00 [Test worker] INFO  o.a.coyote.http11.Http11NioProtocol - Initializing ProtocolHandler ["http-nio-auto-7"]
2024-12-04 11:56:00 [Test worker] INFO  o.a.catalina.core.StandardService - Starting service [Tomcat]
2024-12-04 11:56:00 [Test worker] INFO  o.a.catalina.core.StandardEngine - Starting Servlet engine: [Apache Tomcat/10.1.31]
2024-12-04 11:56:00 [Test worker] INFO  o.a.c.c.C.[Tomcat].[localhost].[/] - Initializing Spring embedded WebApplicationContext
2024-12-04 11:56:00 [Test worker] INFO  o.s.b.w.s.c.ServletWebServerApplicationContext - Root WebApplicationContext: initialization completed in 314 ms
2024-12-04 11:56:00 [Test worker] DEBUG o.s.j.d.SimpleDriverDataSource - Creating new JDBC Driver Connection to [jdbc:postgresql://localhost:52733/product_db]
2024-12-04 11:56:00 [Test worker] DEBUG o.s.j.d.SimpleDriverDataSource - Creating new JDBC Driver Connection to [jdbc:postgresql://localhost:52733/product_db]
2024-12-04 11:56:00 [Test worker] INFO  org.flywaydb.core.FlywayExecutor - Database: jdbc:postgresql://localhost:52733/product_db (PostgreSQL 17.2)
2024-12-04 11:56:00 [Test worker] INFO  o.f.c.i.s.JdbcTableSchemaHistory - Schema history table "public"."flyway_schema_history" does not exist yet
2024-12-04 11:56:00 [Test worker] INFO  o.f.core.internal.command.DbValidate - Successfully validated 2 migrations (execution time 00:00.006s)
2024-12-04 11:56:00 [Test worker] INFO  o.f.c.i.s.JdbcTableSchemaHistory - Creating Schema History table "public"."flyway_schema_history" ...
2024-12-04 11:56:00 [Test worker] DEBUG o.s.j.d.SimpleDriverDataSource - Creating new JDBC Driver Connection to [jdbc:postgresql://localhost:52733/product_db]
2024-12-04 11:56:00 [Test worker] INFO  o.f.core.internal.command.DbMigrate - Current version of schema "public": << Empty Schema >>
2024-12-04 11:56:00 [Test worker] WARN  o.f.core.internal.command.DbMigrate - outOfOrder mode is active. Migration of schema "public" may not be reproducible.
2024-12-04 11:56:00 [Test worker] INFO  o.f.core.internal.command.DbMigrate - Migrating schema "public" to version "1 - PG EXTENSIONS"
2024-12-04 11:56:00 [Test worker] INFO  o.f.core.internal.command.DbMigrate - Migrating schema "public" to version "2 - CREATE PRODUCT TABLE"
2024-12-04 11:56:00 [Test worker] INFO  o.f.core.internal.command.DbMigrate - Successfully applied 2 migrations to schema "public", now at version v2 (execution time 00:00.021s)
2024-12-04 11:56:00 [Test worker] INFO  o.h.jpa.internal.util.LogHelper - HHH000204: Processing PersistenceUnitInfo [name: default]
2024-12-04 11:56:00 [Test worker] INFO  o.h.c.i.RegionFactoryInitiator - HHH000026: Second-level cache disabled
2024-12-04 11:56:00 [Test worker] INFO  o.s.o.j.p.SpringPersistenceUnitInfo - No LoadTimeWeaver setup: ignoring JPA class transformer
2024-12-04 11:56:00 [Test worker] INFO  com.zaxxer.hikari.HikariDataSource - HikariPool-4 - Starting...
2024-12-04 11:56:00 [Test worker] INFO  com.zaxxer.hikari.pool.HikariPool - HikariPool-4 - Added connection org.postgresql.jdbc.PgConnection@7357a52e
2024-12-04 11:56:00 [Test worker] INFO  com.zaxxer.hikari.HikariDataSource - HikariPool-4 - Start completed.
2024-12-04 11:56:00 [Test worker] WARN  org.hibernate.orm.deprecation - HHH90000025: PostgreSQLDialect does not need to be specified explicitly using 'hibernate.dialect' (remove the property setting and it will be selected by default)
2024-12-04 11:56:00 [Test worker] INFO  o.h.e.t.j.p.i.JtaPlatformInitiator - HHH000489: No JTA platform available (set 'hibernate.transaction.jta.platform' to enable JTA platform integration)
2024-12-04 11:56:00 [Test worker] INFO  o.s.o.j.LocalContainerEntityManagerFactoryBean - Initialized JPA EntityManagerFactory for persistence unit 'default'
Hibernate: insert into product (album_title,artist,price,promo_code,release_year) values (?,?,?,pgp_sym_encrypt(?::text,current_setting('encryption.key')),?) returning id
Hibernate: insert into product (album_title,artist,price,promo_code,release_year) values (?,?,?,pgp_sym_encrypt(?::text,current_setting('encryption.key')),?) returning id
2024-12-04 11:56:01 [Test worker] WARN  o.s.b.a.o.j.JpaBaseConfiguration$JpaWebConfiguration - spring.jpa.open-in-view is enabled by default. Therefore, database queries may be performed during view rendering. Explicitly configure spring.jpa.open-in-view to disable this warning
2024-12-04 11:56:01 [Test worker] INFO  o.s.b.a.w.s.WelcomePageHandlerMapping - Adding welcome page template: index
2024-12-04 11:56:01 [Test worker] INFO  o.a.coyote.http11.Http11NioProtocol - Starting ProtocolHandler ["http-nio-auto-7"]
2024-12-04 11:56:01 [Test worker] INFO  o.s.b.w.e.tomcat.TomcatWebServer - Tomcat started on port 52750 (http) with context path '/'
2024-12-04 11:56:01 [Test worker] INFO  o.s.b.w.e.tomcat.TomcatWebServer - Tomcat initialized with port 0 (http)
2024-12-04 11:56:01 [Test worker] INFO  o.a.coyote.http11.Http11NioProtocol - Initializing ProtocolHandler ["http-nio-auto-8"]
2024-12-04 11:56:01 [Test worker] INFO  o.a.catalina.core.StandardService - Starting service [Tomcat]
2024-12-04 11:56:01 [Test worker] INFO  o.a.catalina.core.StandardEngine - Starting Servlet engine: [Apache Tomcat/10.1.31]
2024-12-04 11:56:01 [Test worker] INFO  o.a.c.c.C.[Tomcat-1].[localhost].[/] - Initializing Spring embedded WebApplicationContext
2024-12-04 11:56:01 [Test worker] INFO  o.s.b.w.s.c.ServletWebServerApplicationContext - Root WebApplicationContext: initialization completed in 61 ms
2024-12-04 11:56:01 [Test worker] INFO  o.s.b.a.e.web.EndpointLinksResolver - Exposing 3 endpoints beneath base path '/actuator'
2024-12-04 11:56:01 [Test worker] INFO  o.a.coyote.http11.Http11NioProtocol - Starting ProtocolHandler ["http-nio-auto-8"]
2024-12-04 11:56:01 [Test worker] INFO  o.s.b.w.e.tomcat.TomcatWebServer - Tomcat started on port 52751 (http) with context path '/'
2024-12-04 11:56:01 [Test worker] INFO  c.s.integrationTest.db.EncryptionIT - Started EncryptionIT in 1.581 seconds (process running for 50.459)
Hibernate: SELECT * FROM product WHERE LOWER(TRIM(artist)) LIKE LOWER(CONCAT('%', ?, '%'))
encrypted: \xc30d0407030228d25de33796e03763d23601c4f5070fe62c91a2c2d88f4623a8276446830867f2b9ba26b4741e13a6ce676cc62e20435eb6b1b59840114cf05fb153d1575a4c8b
2024-12-04 11:56:01 [Test worker] DEBUG o.s.jdbc.datasource.DataSourceUtils - Setting JDBC Connection [HikariProxyConnection@131020100 wrapping org.postgresql.jdbc.PgConnection@7357a52e] read-only
Hibernate: select pe1_0.id,pe1_0.album_title,pe1_0.artist,pe1_0.price,pgp_sym_decrypt(pe1_0.promo_code, current_setting('encryption.key')),pe1_0.release_year from product pe1_0 where pe1_0.id=?
2024-12-04 11:56:01 [Test worker] DEBUG o.s.jdbc.datasource.DataSourceUtils - Resetting read-only flag of JDBC Connection [HikariProxyConnection@131020100 wrapping org.postgresql.jdbc.PgConnection@7357a52e]
2024-12-04 11:56:02 [Test worker] INFO  tc.docker/compose:1.29.2 - Creating container for image: docker/compose:1.29.2
2024-12-04 11:56:02 [Test worker] INFO  tc.docker/compose:1.29.2 - Container docker/compose:1.29.2 is starting: dd1214524ce056f94f50557616a971110c6f8e4b4f6d09fb73b0371eafaa1063
2024-12-04 11:56:04 [Test worker] INFO  tc.docker/compose:1.29.2 - Container docker/compose:1.29.2 started in PT2.71683S
2024-12-04 11:56:04 [Test worker] INFO  tc.docker/compose:1.29.2 - Docker Compose container is running for command: down -v
2024-12-04 11:56:04 [docker-java-stream-1797058127] INFO  tc.docker/compose:1.29.2 - STDERR: Stopping 5dpnce1rcv1r_postgres_1 ... 
2024-12-04 11:56:04 [docker-java-stream-1797058127] INFO  tc.docker/compose:1.29.2 - STDERR: Stopping 5dpnce1rcv1r_postgres_1 ... done
2024-12-04 11:56:04 [docker-java-stream-1797058127] INFO  tc.docker/compose:1.29.2 - STDERR: Removing 5dpnce1rcv1r_postgres_1 ... 
2024-12-04 11:56:04 [docker-java-stream-1797058127] INFO  tc.docker/compose:1.29.2 - STDERR: Removing 5dpnce1rcv1r_postgres_1 ... done
2024-12-04 11:56:04 [docker-java-stream-1797058127] INFO  tc.docker/compose:1.29.2 - STDERR: Network damo_network is external, skipping
2024-12-04 11:56:04 [Test worker] INFO  tc.docker/compose:1.29.2 - Docker Compose has finished running
2024-12-04 11:56:04 [Test worker] INFO  o.a.coyote.http11.Http11NioProtocol - Stopping ProtocolHandler ["http-nio-auto-8-52751"]
2024-12-04 11:56:04 [Test worker] INFO  o.a.catalina.core.StandardService - Stopping service [Tomcat]
2024-12-04 11:56:04 [Test worker] INFO  o.a.coyote.http11.Http11NioProtocol - Stopping ProtocolHandler ["http-nio-auto-7-52750"]
2024-12-04 11:56:04 [Test worker] INFO  o.s.o.j.LocalContainerEntityManagerFactoryBean - Closing JPA EntityManagerFactory for persistence unit 'default'
2024-12-04 11:56:04 [Test worker] INFO  com.zaxxer.hikari.HikariDataSource - HikariPool-4 - Shutdown initiated...
2024-12-04 11:56:04 [Test worker] INFO  com.zaxxer.hikari.HikariDataSource - HikariPool-4 - Shutdown completed.
]]></system-out>
  <system-err><![CDATA[]]></system-err>
</testsuite>
