<?xml version="1.0" encoding="UTF-8"?>
<testsuite name="com.ssd.integrationTest.db.PrincipleOfLeastPrivilegeIT" tests="1" skipped="0" failures="0" errors="0" timestamp="2024-12-04T11:56:10" hostname="Grainnes-MBP" time="0.073">
  <properties/>
  <testcase name="attempt all crud operations()" classname="com.ssd.integrationTest.db.PrincipleOfLeastPrivilegeIT" time="0.073"/>
  <system-out><![CDATA[2024-12-04 11:56:04 [Test worker] INFO  o.s.t.c.s.AnnotationConfigContextLoaderUtils - Could not detect default configuration classes for test class [com.ssd.integrationTest.db.PrincipleOfLeastPrivilegeIT]: PrincipleOfLeastPrivilegeIT does not declare any static, non-private, non-final, nested classes annotated with @Configuration.
2024-12-04 11:56:04 [Test worker] INFO  o.s.b.t.c.SpringBootTestContextBootstrapper - Found @SpringBootConfiguration com.ssd.ProductApiApplication for test class com.ssd.integrationTest.db.PrincipleOfLeastPrivilegeIT
Project root directory: /Users/grainneomalley/damo/workspace/college/damo_partner_portal/product-api
starting pg..
2024-12-04 11:56:04 [Test worker] INFO  tc.docker/compose:1.29.2 - Creating container for image: docker/compose:1.29.2
2024-12-04 11:56:05 [Test worker] INFO  tc.docker/compose:1.29.2 - Container docker/compose:1.29.2 is starting: b4815752671d0d6d1dd9d78a5d48e1f222a2afd90aadaba15601c460bec06c34
2024-12-04 11:56:07 [Test worker] INFO  tc.docker/compose:1.29.2 - Container docker/compose:1.29.2 started in PT2.682117S
2024-12-04 11:56:07 [Test worker] INFO  tc.docker/compose:1.29.2 - Docker Compose container is running for command: up -d
2024-12-04 11:56:07 [docker-java-stream-1420632061] INFO  tc.docker/compose:1.29.2 - STDERR: Creating to4d9hf9kv5s_postgres_1 ... 
2024-12-04 11:56:07 [docker-java-stream-1420632061] INFO  tc.docker/compose:1.29.2 - STDERR: Creating to4d9hf9kv5s_postgres_1 ... done
2024-12-04 11:56:07 [Test worker] INFO  tc.docker/compose:1.29.2 - Docker Compose has finished running
2024-12-04 11:56:07 [Test worker] INFO  tc.alpine/socat:1.7.4.3-r0 - Creating container for image: alpine/socat:1.7.4.3-r0
2024-12-04 11:56:07 [Test worker] INFO  tc.alpine/socat:1.7.4.3-r0 - Container alpine/socat:1.7.4.3-r0 is starting: 5d6c3f77dce4052d8710e4e8cc3312affe81f846e72d647d7af6c76ca3c6342c
2024-12-04 11:56:08 [Test worker] INFO  tc.alpine/socat:1.7.4.3-r0 - Container alpine/socat:1.7.4.3-r0 started in PT0.564255S
pg started

  .   ____          _            __ _ _
 /\\ / ___'_ __ _ _(_)_ __  __ _ \ \ \ \
( ( )\___ | '_ | '_| | '_ \/ _` | \ \ \ \
 \\/  ___)| |_)| | | | | || (_| |  ) ) ) )
  '  |____| .__|_| |_|_| |_\__, | / / / /
 =========|_|==============|___/=/_/_/_/

 :: Spring Boot ::                (v3.3.5)

Registering the jdbcUrl: jdbc:postgresql://localhost:52756/product_db
2024-12-04 11:56:09 [Test worker] INFO  c.s.i.db.PrincipleOfLeastPrivilegeIT - Starting PrincipleOfLeastPrivilegeIT using Java 21.0.4 with PID 62178 (started by grainneomalley in /Users/grainneomalley/damo/workspace/college/damo_partner_portal/product-api)
2024-12-04 11:56:09 [Test worker] INFO  c.s.i.db.PrincipleOfLeastPrivilegeIT - No active profile set, falling back to 1 default profile: "default"
2024-12-04 11:56:09 [Test worker] INFO  o.s.d.r.c.RepositoryConfigurationDelegate - Bootstrapping Spring Data JPA repositories in DEFAULT mode.
2024-12-04 11:56:09 [Test worker] INFO  o.s.d.r.c.RepositoryConfigurationDelegate - Finished Spring Data repository scanning in 12 ms. Found 1 JPA repository interface.
2024-12-04 11:56:09 [Test worker] INFO  o.s.b.w.e.tomcat.TomcatWebServer - Tomcat initialized with port 0 (http)
2024-12-04 11:56:09 [Test worker] INFO  o.a.coyote.http11.Http11NioProtocol - Initializing ProtocolHandler ["http-nio-auto-9"]
2024-12-04 11:56:09 [Test worker] INFO  o.a.catalina.core.StandardService - Starting service [Tomcat]
2024-12-04 11:56:09 [Test worker] INFO  o.a.catalina.core.StandardEngine - Starting Servlet engine: [Apache Tomcat/10.1.31]
2024-12-04 11:56:09 [Test worker] INFO  o.a.c.c.C.[Tomcat].[localhost].[/] - Initializing Spring embedded WebApplicationContext
2024-12-04 11:56:09 [Test worker] INFO  o.s.b.w.s.c.ServletWebServerApplicationContext - Root WebApplicationContext: initialization completed in 349 ms
2024-12-04 11:56:09 [Test worker] DEBUG o.s.j.d.SimpleDriverDataSource - Creating new JDBC Driver Connection to [jdbc:postgresql://localhost:52756/product_db]
2024-12-04 11:56:09 [Test worker] DEBUG o.s.j.d.SimpleDriverDataSource - Creating new JDBC Driver Connection to [jdbc:postgresql://localhost:52756/product_db]
2024-12-04 11:56:09 [Test worker] INFO  org.flywaydb.core.FlywayExecutor - Database: jdbc:postgresql://localhost:52756/product_db (PostgreSQL 17.2)
2024-12-04 11:56:09 [Test worker] INFO  o.f.c.i.s.JdbcTableSchemaHistory - Schema history table "public"."flyway_schema_history" does not exist yet
2024-12-04 11:56:09 [Test worker] INFO  o.f.core.internal.command.DbValidate - Successfully validated 2 migrations (execution time 00:00.007s)
2024-12-04 11:56:09 [Test worker] INFO  o.f.c.i.s.JdbcTableSchemaHistory - Creating Schema History table "public"."flyway_schema_history" ...
2024-12-04 11:56:09 [Test worker] DEBUG o.s.j.d.SimpleDriverDataSource - Creating new JDBC Driver Connection to [jdbc:postgresql://localhost:52756/product_db]
2024-12-04 11:56:09 [Test worker] INFO  o.f.core.internal.command.DbMigrate - Current version of schema "public": << Empty Schema >>
2024-12-04 11:56:09 [Test worker] WARN  o.f.core.internal.command.DbMigrate - outOfOrder mode is active. Migration of schema "public" may not be reproducible.
2024-12-04 11:56:09 [Test worker] INFO  o.f.core.internal.command.DbMigrate - Migrating schema "public" to version "1 - PG EXTENSIONS"
2024-12-04 11:56:09 [Test worker] INFO  o.f.core.internal.command.DbMigrate - Migrating schema "public" to version "2 - CREATE PRODUCT TABLE"
2024-12-04 11:56:09 [Test worker] INFO  o.f.core.internal.command.DbMigrate - Successfully applied 2 migrations to schema "public", now at version v2 (execution time 00:00.029s)
2024-12-04 11:56:09 [Test worker] INFO  o.h.jpa.internal.util.LogHelper - HHH000204: Processing PersistenceUnitInfo [name: default]
2024-12-04 11:56:09 [Test worker] INFO  o.h.c.i.RegionFactoryInitiator - HHH000026: Second-level cache disabled
2024-12-04 11:56:09 [Test worker] INFO  o.s.o.j.p.SpringPersistenceUnitInfo - No LoadTimeWeaver setup: ignoring JPA class transformer
2024-12-04 11:56:09 [Test worker] INFO  com.zaxxer.hikari.HikariDataSource - HikariPool-5 - Starting...
2024-12-04 11:56:09 [Test worker] INFO  com.zaxxer.hikari.pool.HikariPool - HikariPool-5 - Added connection org.postgresql.jdbc.PgConnection@21431d8a
2024-12-04 11:56:09 [Test worker] INFO  com.zaxxer.hikari.HikariDataSource - HikariPool-5 - Start completed.
2024-12-04 11:56:09 [Test worker] WARN  org.hibernate.orm.deprecation - HHH90000025: PostgreSQLDialect does not need to be specified explicitly using 'hibernate.dialect' (remove the property setting and it will be selected by default)
2024-12-04 11:56:09 [Test worker] INFO  o.h.e.t.j.p.i.JtaPlatformInitiator - HHH000489: No JTA platform available (set 'hibernate.transaction.jta.platform' to enable JTA platform integration)
2024-12-04 11:56:09 [Test worker] INFO  o.s.o.j.LocalContainerEntityManagerFactoryBean - Initialized JPA EntityManagerFactory for persistence unit 'default'
Hibernate: insert into product (album_title,artist,price,promo_code,release_year) values (?,?,?,pgp_sym_encrypt(?::text,current_setting('encryption.key')),?) returning id
Hibernate: insert into product (album_title,artist,price,promo_code,release_year) values (?,?,?,pgp_sym_encrypt(?::text,current_setting('encryption.key')),?) returning id
2024-12-04 11:56:09 [Test worker] WARN  o.s.b.a.o.j.JpaBaseConfiguration$JpaWebConfiguration - spring.jpa.open-in-view is enabled by default. Therefore, database queries may be performed during view rendering. Explicitly configure spring.jpa.open-in-view to disable this warning
2024-12-04 11:56:09 [Test worker] INFO  o.s.b.a.w.s.WelcomePageHandlerMapping - Adding welcome page template: index
2024-12-04 11:56:10 [Test worker] INFO  o.a.coyote.http11.Http11NioProtocol - Starting ProtocolHandler ["http-nio-auto-9"]
2024-12-04 11:56:10 [Test worker] INFO  o.s.b.w.e.tomcat.TomcatWebServer - Tomcat started on port 52771 (http) with context path '/'
2024-12-04 11:56:10 [Test worker] INFO  o.s.b.w.e.tomcat.TomcatWebServer - Tomcat initialized with port 0 (http)
2024-12-04 11:56:10 [Test worker] INFO  o.a.coyote.http11.Http11NioProtocol - Initializing ProtocolHandler ["http-nio-auto-10"]
2024-12-04 11:56:10 [Test worker] INFO  o.a.catalina.core.StandardService - Starting service [Tomcat]
2024-12-04 11:56:10 [Test worker] INFO  o.a.catalina.core.StandardEngine - Starting Servlet engine: [Apache Tomcat/10.1.31]
2024-12-04 11:56:10 [Test worker] INFO  o.a.c.c.C.[Tomcat-1].[localhost].[/] - Initializing Spring embedded WebApplicationContext
2024-12-04 11:56:10 [Test worker] INFO  o.s.b.w.s.c.ServletWebServerApplicationContext - Root WebApplicationContext: initialization completed in 51 ms
2024-12-04 11:56:10 [Test worker] INFO  o.s.b.a.e.web.EndpointLinksResolver - Exposing 3 endpoints beneath base path '/actuator'
2024-12-04 11:56:10 [Test worker] INFO  o.a.coyote.http11.Http11NioProtocol - Starting ProtocolHandler ["http-nio-auto-10"]
2024-12-04 11:56:10 [Test worker] INFO  o.s.b.w.e.tomcat.TomcatWebServer - Tomcat started on port 52774 (http) with context path '/'
2024-12-04 11:56:10 [Test worker] INFO  c.s.i.db.PrincipleOfLeastPrivilegeIT - Started PrincipleOfLeastPrivilegeIT in 1.334 seconds (process running for 59.022)
2024-12-04 11:56:10 [Test worker] DEBUG o.s.jdbc.datasource.DataSourceUtils - Setting JDBC Connection [HikariProxyConnection@2041123334 wrapping org.postgresql.jdbc.PgConnection@21431d8a] read-only
Hibernate: select pe1_0.id,pe1_0.album_title,pe1_0.artist,pe1_0.price,pgp_sym_decrypt(pe1_0.promo_code, current_setting('encryption.key')),pe1_0.release_year from product pe1_0
2024-12-04 11:56:10 [Test worker] DEBUG o.s.jdbc.datasource.DataSourceUtils - Resetting read-only flag of JDBC Connection [HikariProxyConnection@2041123334 wrapping org.postgresql.jdbc.PgConnection@21431d8a]
Hibernate: insert into product (album_title,artist,price,promo_code,release_year) values (?,?,?,pgp_sym_encrypt(?::text,current_setting('encryption.key')),?) returning id
Hibernate: select pe1_0.id,pe1_0.album_title,pe1_0.artist,pe1_0.price,pgp_sym_decrypt(pe1_0.promo_code, current_setting('encryption.key')),pe1_0.release_year from product pe1_0 where pe1_0.id=?
Hibernate: update product set album_title=?,artist=?,price=?,promo_code=pgp_sym_encrypt(?::text,current_setting('encryption.key')),release_year=? where id=?
Hibernate: select pe1_0.id,pe1_0.album_title,pe1_0.artist,pe1_0.price,pgp_sym_decrypt(pe1_0.promo_code, current_setting('encryption.key')),pe1_0.release_year from product pe1_0 where pe1_0.id=?
Hibernate: update product set album_title=?,artist=?,price=?,promo_code=pgp_sym_encrypt(?::text,current_setting('encryption.key')),release_year=? where id=?
Hibernate: select pe1_0.id,pe1_0.album_title,pe1_0.artist,pe1_0.price,pgp_sym_decrypt(pe1_0.promo_code, current_setting('encryption.key')),pe1_0.release_year from product pe1_0
Hibernate: delete from product where id=?
2024-12-04 11:56:10 [Test worker] WARN  o.h.e.jdbc.spi.SqlExceptionHelper - SQL Error: 0, SQLState: 42501
2024-12-04 11:56:10 [Test worker] ERROR o.h.e.jdbc.spi.SqlExceptionHelper - ERROR: permission denied for table product
2024-12-04 11:56:10 [Test worker] INFO  tc.docker/compose:1.29.2 - Creating container for image: docker/compose:1.29.2
2024-12-04 11:56:10 [Test worker] INFO  tc.docker/compose:1.29.2 - Container docker/compose:1.29.2 is starting: b85f37aa5425b20f07002a97650fc4497b8e916ca0af4814c0dba10994276eb2
2024-12-04 11:56:15 [Test worker] INFO  tc.docker/compose:1.29.2 - Container docker/compose:1.29.2 started in PT5.066983S
2024-12-04 11:56:15 [Test worker] INFO  tc.docker/compose:1.29.2 - Docker Compose container is running for command: down -v
2024-12-04 11:56:15 [docker-java-stream-725938202] INFO  tc.docker/compose:1.29.2 - STDERR: Stopping to4d9hf9kv5s_postgres_1 ... 
2024-12-04 11:56:15 [docker-java-stream-725938202] INFO  tc.docker/compose:1.29.2 - STDERR: Stopping to4d9hf9kv5s_postgres_1 ... done
2024-12-04 11:56:15 [docker-java-stream-725938202] INFO  tc.docker/compose:1.29.2 - STDERR: Removing to4d9hf9kv5s_postgres_1 ... 
2024-12-04 11:56:15 [docker-java-stream-725938202] INFO  tc.docker/compose:1.29.2 - STDERR: Removing to4d9hf9kv5s_postgres_1 ... done
2024-12-04 11:56:15 [docker-java-stream-725938202] INFO  tc.docker/compose:1.29.2 - STDERR: Network damo_network is external, skipping
2024-12-04 11:56:15 [Test worker] INFO  tc.docker/compose:1.29.2 - Docker Compose has finished running
2024-12-04 11:56:15 [Test worker] INFO  o.a.coyote.http11.Http11NioProtocol - Stopping ProtocolHandler ["http-nio-auto-10-52774"]
2024-12-04 11:56:15 [Test worker] INFO  o.a.catalina.core.StandardService - Stopping service [Tomcat]
2024-12-04 11:56:15 [Test worker] INFO  o.a.coyote.http11.Http11NioProtocol - Stopping ProtocolHandler ["http-nio-auto-9-52771"]
2024-12-04 11:56:15 [Test worker] INFO  o.s.o.j.LocalContainerEntityManagerFactoryBean - Closing JPA EntityManagerFactory for persistence unit 'default'
2024-12-04 11:56:15 [Test worker] INFO  com.zaxxer.hikari.HikariDataSource - HikariPool-5 - Shutdown initiated...
2024-12-04 11:56:15 [Test worker] INFO  com.zaxxer.hikari.HikariDataSource - HikariPool-5 - Shutdown completed.
]]></system-out>
  <system-err><![CDATA[]]></system-err>
</testsuite>
