<?xml version="1.0" encoding="UTF-8"?>
<testsuite name="com.ssd.integrationTest.db.SQLInjectionIT" tests="2" skipped="0" failures="0" errors="0" timestamp="2024-12-04T11:56:21" hostname="Grainnes-MBP" time="0.076">
  <properties/>
  <testcase name="attempt to inject SQL - Query Method()" classname="com.ssd.integrationTest.db.SQLInjectionIT" time="0.061"/>
  <testcase name="attempt to inject SQL - Native Query()" classname="com.ssd.integrationTest.db.SQLInjectionIT" time="0.014"/>
  <system-out><![CDATA[2024-12-04 11:56:15 [Test worker] INFO  o.s.t.c.s.AnnotationConfigContextLoaderUtils - Could not detect default configuration classes for test class [com.ssd.integrationTest.db.SQLInjectionIT]: SQLInjectionIT does not declare any static, non-private, non-final, nested classes annotated with @Configuration.
2024-12-04 11:56:15 [Test worker] INFO  o.s.b.t.c.SpringBootTestContextBootstrapper - Found @SpringBootConfiguration com.ssd.ProductApiApplication for test class com.ssd.integrationTest.db.SQLInjectionIT
Project root directory: /Users/grainneomalley/damo/workspace/college/damo_partner_portal/product-api
starting pg..
2024-12-04 11:56:15 [Test worker] INFO  tc.docker/compose:1.29.2 - Creating container for image: docker/compose:1.29.2
2024-12-04 11:56:15 [Test worker] INFO  tc.docker/compose:1.29.2 - Container docker/compose:1.29.2 is starting: 0fc41e3acf28f6945feab3adec0fe9e00bdaecd49c69399d82ab426d7bd66f67
2024-12-04 11:56:18 [Test worker] INFO  tc.docker/compose:1.29.2 - Container docker/compose:1.29.2 started in PT2.611866S
2024-12-04 11:56:18 [Test worker] INFO  tc.docker/compose:1.29.2 - Docker Compose container is running for command: up -d
2024-12-04 11:56:18 [docker-java-stream-2076957446] INFO  tc.docker/compose:1.29.2 - STDERR: Creating ynrwqf63haf3_postgres_1 ... 
2024-12-04 11:56:18 [docker-java-stream-2076957446] INFO  tc.docker/compose:1.29.2 - STDERR: Creating ynrwqf63haf3_postgres_1 ... done
2024-12-04 11:56:18 [Test worker] INFO  tc.docker/compose:1.29.2 - Docker Compose has finished running
2024-12-04 11:56:18 [Test worker] INFO  tc.alpine/socat:1.7.4.3-r0 - Creating container for image: alpine/socat:1.7.4.3-r0
2024-12-04 11:56:18 [Test worker] INFO  tc.alpine/socat:1.7.4.3-r0 - Container alpine/socat:1.7.4.3-r0 is starting: 535854a2d962feac19f89c3a4af0654dc6094f2259371594d9ec6e87fd83c9ca
2024-12-04 11:56:18 [Test worker] INFO  tc.alpine/socat:1.7.4.3-r0 - Container alpine/socat:1.7.4.3-r0 started in PT0.593255S
pg started

  .   ____          _            __ _ _
 /\\ / ___'_ __ _ _(_)_ __  __ _ \ \ \ \
( ( )\___ | '_ | '_| | '_ \/ _` | \ \ \ \
 \\/  ___)| |_)| | | | | || (_| |  ) ) ) )
  '  |____| .__|_| |_|_| |_\__, | / / / /
 =========|_|==============|___/=/_/_/_/

 :: Spring Boot ::                (v3.3.5)

Registering the jdbcUrl: jdbc:postgresql://localhost:52779/product_db
2024-12-04 11:56:19 [Test worker] INFO  c.s.i.db.SQLInjectionIT - Starting SQLInjectionIT using Java 21.0.4 with PID 62178 (started by grainneomalley in /Users/grainneomalley/damo/workspace/college/damo_partner_portal/product-api)
2024-12-04 11:56:19 [Test worker] INFO  c.s.i.db.SQLInjectionIT - No active profile set, falling back to 1 default profile: "default"
2024-12-04 11:56:20 [Test worker] INFO  o.s.d.r.c.RepositoryConfigurationDelegate - Bootstrapping Spring Data JPA repositories in DEFAULT mode.
2024-12-04 11:56:20 [Test worker] INFO  o.s.d.r.c.RepositoryConfigurationDelegate - Finished Spring Data repository scanning in 11 ms. Found 1 JPA repository interface.
2024-12-04 11:56:20 [Test worker] INFO  o.s.b.w.e.tomcat.TomcatWebServer - Tomcat initialized with port 0 (http)
2024-12-04 11:56:20 [Test worker] INFO  o.a.coyote.http11.Http11NioProtocol - Initializing ProtocolHandler ["http-nio-auto-11"]
2024-12-04 11:56:20 [Test worker] INFO  o.a.catalina.core.StandardService - Starting service [Tomcat]
2024-12-04 11:56:20 [Test worker] INFO  o.a.catalina.core.StandardEngine - Starting Servlet engine: [Apache Tomcat/10.1.31]
2024-12-04 11:56:20 [Test worker] INFO  o.a.c.c.C.[Tomcat].[localhost].[/] - Initializing Spring embedded WebApplicationContext
2024-12-04 11:56:20 [Test worker] INFO  o.s.b.w.s.c.ServletWebServerApplicationContext - Root WebApplicationContext: initialization completed in 517 ms
2024-12-04 11:56:20 [Test worker] DEBUG o.s.j.d.SimpleDriverDataSource - Creating new JDBC Driver Connection to [jdbc:postgresql://localhost:52779/product_db]
2024-12-04 11:56:20 [Test worker] DEBUG o.s.j.d.SimpleDriverDataSource - Creating new JDBC Driver Connection to [jdbc:postgresql://localhost:52779/product_db]
2024-12-04 11:56:20 [Test worker] INFO  org.flywaydb.core.FlywayExecutor - Database: jdbc:postgresql://localhost:52779/product_db (PostgreSQL 17.2)
2024-12-04 11:56:20 [Test worker] INFO  o.f.c.i.s.JdbcTableSchemaHistory - Schema history table "public"."flyway_schema_history" does not exist yet
2024-12-04 11:56:20 [Test worker] INFO  o.f.core.internal.command.DbValidate - Successfully validated 2 migrations (execution time 00:00.009s)
2024-12-04 11:56:20 [Test worker] INFO  o.f.c.i.s.JdbcTableSchemaHistory - Creating Schema History table "public"."flyway_schema_history" ...
2024-12-04 11:56:20 [Test worker] DEBUG o.s.j.d.SimpleDriverDataSource - Creating new JDBC Driver Connection to [jdbc:postgresql://localhost:52779/product_db]
2024-12-04 11:56:20 [Test worker] INFO  o.f.core.internal.command.DbMigrate - Current version of schema "public": << Empty Schema >>
2024-12-04 11:56:20 [Test worker] WARN  o.f.core.internal.command.DbMigrate - outOfOrder mode is active. Migration of schema "public" may not be reproducible.
2024-12-04 11:56:20 [Test worker] INFO  o.f.core.internal.command.DbMigrate - Migrating schema "public" to version "1 - PG EXTENSIONS"
2024-12-04 11:56:20 [Test worker] INFO  o.f.core.internal.command.DbMigrate - Migrating schema "public" to version "2 - CREATE PRODUCT TABLE"
2024-12-04 11:56:20 [Test worker] INFO  o.f.core.internal.command.DbMigrate - Successfully applied 2 migrations to schema "public", now at version v2 (execution time 00:00.025s)
2024-12-04 11:56:20 [Test worker] INFO  o.h.jpa.internal.util.LogHelper - HHH000204: Processing PersistenceUnitInfo [name: default]
2024-12-04 11:56:20 [Test worker] INFO  o.h.c.i.RegionFactoryInitiator - HHH000026: Second-level cache disabled
2024-12-04 11:56:20 [Test worker] INFO  o.s.o.j.p.SpringPersistenceUnitInfo - No LoadTimeWeaver setup: ignoring JPA class transformer
2024-12-04 11:56:20 [Test worker] INFO  com.zaxxer.hikari.HikariDataSource - HikariPool-6 - Starting...
2024-12-04 11:56:20 [Test worker] INFO  com.zaxxer.hikari.pool.HikariPool - HikariPool-6 - Added connection org.postgresql.jdbc.PgConnection@1df499f5
2024-12-04 11:56:20 [Test worker] INFO  com.zaxxer.hikari.HikariDataSource - HikariPool-6 - Start completed.
2024-12-04 11:56:20 [Test worker] WARN  org.hibernate.orm.deprecation - HHH90000025: PostgreSQLDialect does not need to be specified explicitly using 'hibernate.dialect' (remove the property setting and it will be selected by default)
2024-12-04 11:56:20 [Test worker] INFO  o.h.e.t.j.p.i.JtaPlatformInitiator - HHH000489: No JTA platform available (set 'hibernate.transaction.jta.platform' to enable JTA platform integration)
2024-12-04 11:56:20 [Test worker] INFO  o.s.o.j.LocalContainerEntityManagerFactoryBean - Initialized JPA EntityManagerFactory for persistence unit 'default'
Hibernate: insert into product (album_title,artist,price,promo_code,release_year) values (?,?,?,pgp_sym_encrypt(?::text,current_setting('encryption.key')),?) returning id
Hibernate: insert into product (album_title,artist,price,promo_code,release_year) values (?,?,?,pgp_sym_encrypt(?::text,current_setting('encryption.key')),?) returning id
2024-12-04 11:56:20 [Test worker] WARN  o.s.b.a.o.j.JpaBaseConfiguration$JpaWebConfiguration - spring.jpa.open-in-view is enabled by default. Therefore, database queries may be performed during view rendering. Explicitly configure spring.jpa.open-in-view to disable this warning
2024-12-04 11:56:20 [Test worker] INFO  o.s.b.a.w.s.WelcomePageHandlerMapping - Adding welcome page template: index
2024-12-04 11:56:21 [Test worker] INFO  o.a.coyote.http11.Http11NioProtocol - Starting ProtocolHandler ["http-nio-auto-11"]
2024-12-04 11:56:21 [Test worker] INFO  o.s.b.w.e.tomcat.TomcatWebServer - Tomcat started on port 52794 (http) with context path '/'
2024-12-04 11:56:21 [Test worker] INFO  o.s.b.w.e.tomcat.TomcatWebServer - Tomcat initialized with port 0 (http)
2024-12-04 11:56:21 [Test worker] INFO  o.a.coyote.http11.Http11NioProtocol - Initializing ProtocolHandler ["http-nio-auto-12"]
2024-12-04 11:56:21 [Test worker] INFO  o.a.catalina.core.StandardService - Starting service [Tomcat]
2024-12-04 11:56:21 [Test worker] INFO  o.a.catalina.core.StandardEngine - Starting Servlet engine: [Apache Tomcat/10.1.31]
2024-12-04 11:56:21 [Test worker] INFO  o.a.c.c.C.[Tomcat-1].[localhost].[/] - Initializing Spring embedded WebApplicationContext
2024-12-04 11:56:21 [Test worker] INFO  o.s.b.w.s.c.ServletWebServerApplicationContext - Root WebApplicationContext: initialization completed in 66 ms
2024-12-04 11:56:21 [Test worker] INFO  o.s.b.a.e.web.EndpointLinksResolver - Exposing 3 endpoints beneath base path '/actuator'
2024-12-04 11:56:21 [Test worker] INFO  o.a.coyote.http11.Http11NioProtocol - Starting ProtocolHandler ["http-nio-auto-12"]
2024-12-04 11:56:21 [Test worker] INFO  o.s.b.w.e.tomcat.TomcatWebServer - Tomcat started on port 52797 (http) with context path '/'
2024-12-04 11:56:21 [Test worker] INFO  c.s.i.db.SQLInjectionIT - Started SQLInjectionIT in 1.648 seconds (process running for 70.026)
Hibernate: select pe1_0.id,pe1_0.album_title,pe1_0.artist,pe1_0.price,pgp_sym_decrypt(pe1_0.promo_code, current_setting('encryption.key')),pe1_0.release_year from product pe1_0 where upper(pe1_0.artist) like upper(?) escape '\'
Hibernate: SELECT * FROM product WHERE LOWER(TRIM(artist)) LIKE LOWER(CONCAT('%', ?, '%'))
Hibernate: SELECT * FROM product WHERE LOWER(TRIM(artist)) LIKE LOWER(CONCAT('%', ?, '%'))
Hibernate: SELECT * FROM product WHERE LOWER(TRIM(artist)) LIKE LOWER(CONCAT('%', ?, '%'))
Hibernate: SELECT * FROM product WHERE LOWER(TRIM(artist)) LIKE LOWER(CONCAT('%', ?, '%'))
Hibernate: SELECT * FROM product WHERE LOWER(TRIM(artist)) LIKE LOWER(CONCAT('%', ?, '%'))
2024-12-04 11:56:21 [Test worker] INFO  tc.docker/compose:1.29.2 - Creating container for image: docker/compose:1.29.2
2024-12-04 11:56:21 [Test worker] INFO  tc.docker/compose:1.29.2 - Container docker/compose:1.29.2 is starting: 25b2aef8d412f9ce6ca8764334cf5ff4a190c5f43b15d6d1e4ac93d7fef1e198
2024-12-04 11:56:24 [Test worker] INFO  tc.docker/compose:1.29.2 - Container docker/compose:1.29.2 started in PT2.456329S
2024-12-04 11:56:24 [Test worker] INFO  tc.docker/compose:1.29.2 - Docker Compose container is running for command: down -v
2024-12-04 11:56:24 [docker-java-stream--1528375481] INFO  tc.docker/compose:1.29.2 - STDERR: Stopping ynrwqf63haf3_postgres_1 ... 
2024-12-04 11:56:24 [docker-java-stream--1528375481] INFO  tc.docker/compose:1.29.2 - STDERR: Stopping ynrwqf63haf3_postgres_1 ... done
2024-12-04 11:56:24 [Test worker] INFO  tc.docker/compose:1.29.2 - Docker Compose has finished running
2024-12-04 11:56:24 [docker-java-stream--1528375481] INFO  tc.docker/compose:1.29.2 - STDERR: Removing ynrwqf63haf3_postgres_1 ... 
2024-12-04 11:56:24 [docker-java-stream--1528375481] INFO  tc.docker/compose:1.29.2 - STDERR: Removing ynrwqf63haf3_postgres_1 ... done
2024-12-04 11:56:24 [docker-java-stream--1528375481] INFO  tc.docker/compose:1.29.2 - STDERR: Network damo_network is external, skipping
2024-12-04 11:56:24 [Test worker] INFO  o.a.coyote.http11.Http11NioProtocol - Stopping ProtocolHandler ["http-nio-auto-12-52797"]
2024-12-04 11:56:24 [Test worker] INFO  o.a.catalina.core.StandardService - Stopping service [Tomcat]
2024-12-04 11:56:24 [Test worker] INFO  o.a.coyote.http11.Http11NioProtocol - Stopping ProtocolHandler ["http-nio-auto-11-52794"]
2024-12-04 11:56:24 [Test worker] INFO  o.s.o.j.LocalContainerEntityManagerFactoryBean - Closing JPA EntityManagerFactory for persistence unit 'default'
2024-12-04 11:56:24 [Test worker] INFO  com.zaxxer.hikari.HikariDataSource - HikariPool-6 - Shutdown initiated...
2024-12-04 11:56:24 [Test worker] INFO  com.zaxxer.hikari.HikariDataSource - HikariPool-6 - Shutdown completed.
]]></system-out>
  <system-err><![CDATA[]]></system-err>
</testsuite>
