<?xml version="1.0" encoding="UTF-8"?>
<testsuite name="com.ssd.integrationTest.ProductApiIT" tests="1" skipped="0" failures="0" errors="0" timestamp="2024-12-04T11:55:52" hostname="Grainnes-MBP" time="0.058">
  <properties/>
  <testcase name="contextLoads()" classname="com.ssd.integrationTest.ProductApiIT" time="0.058"/>
  <system-out><![CDATA[2024-12-04 11:55:46 [Test worker] INFO  o.s.t.c.s.AnnotationConfigContextLoaderUtils - Could not detect default configuration classes for test class [com.ssd.integrationTest.ProductApiIT]: ProductApiIT does not declare any static, non-private, non-final, nested classes annotated with @Configuration.
2024-12-04 11:55:46 [Test worker] INFO  o.s.b.t.c.SpringBootTestContextBootstrapper - Found @SpringBootConfiguration com.ssd.ProductApiApplication for test class com.ssd.integrationTest.ProductApiIT
Project root directory: /Users/grainneomalley/damo/workspace/college/damo_partner_portal/product-api
starting pg..
2024-12-04 11:55:46 [Test worker] INFO  tc.docker/compose:1.29.2 - Creating container for image: docker/compose:1.29.2
2024-12-04 11:55:46 [Test worker] INFO  tc.docker/compose:1.29.2 - Container docker/compose:1.29.2 is starting: aab57f4ab81b5011480e853a3bab70978de504b3e13ca709be34c0ae3359d0ac
2024-12-04 11:55:49 [Test worker] INFO  tc.docker/compose:1.29.2 - Container docker/compose:1.29.2 started in PT2.55462S
2024-12-04 11:55:49 [Test worker] INFO  tc.docker/compose:1.29.2 - Docker Compose container is running for command: up -d
2024-12-04 11:55:49 [docker-java-stream--2118182568] INFO  tc.docker/compose:1.29.2 - STDERR: Creating prb6whavvm8q_postgres_1 ... 
2024-12-04 11:55:49 [docker-java-stream--2118182568] INFO  tc.docker/compose:1.29.2 - STDERR: Creating prb6whavvm8q_postgres_1 ... done
2024-12-04 11:55:49 [Test worker] INFO  tc.docker/compose:1.29.2 - Docker Compose has finished running
2024-12-04 11:55:49 [Test worker] INFO  tc.alpine/socat:1.7.4.3-r0 - Creating container for image: alpine/socat:1.7.4.3-r0
2024-12-04 11:55:49 [Test worker] INFO  tc.alpine/socat:1.7.4.3-r0 - Container alpine/socat:1.7.4.3-r0 is starting: 2feab55d0a5c04715e96deb052556aeaa76985ee48d1ee91432767bb2370d5a6
2024-12-04 11:55:50 [Test worker] INFO  tc.alpine/socat:1.7.4.3-r0 - Container alpine/socat:1.7.4.3-r0 started in PT1.272763S
pg started

  .   ____          _            __ _ _
 /\\ / ___'_ __ _ _(_)_ __  __ _ \ \ \ \
( ( )\___ | '_ | '_| | '_ \/ _` | \ \ \ \
 \\/  ___)| |_)| | | | | || (_| |  ) ) ) )
  '  |____| .__|_| |_|_| |_\__, | / / / /
 =========|_|==============|___/=/_/_/_/

 :: Spring Boot ::                (v3.3.5)

Registering the jdbcUrl: jdbc:postgresql://localhost:52707/product_db
2024-12-04 11:55:51 [Test worker] INFO  c.ssd.integrationTest.ProductApiIT - Starting ProductApiIT using Java 21.0.4 with PID 62178 (started by grainneomalley in /Users/grainneomalley/damo/workspace/college/damo_partner_portal/product-api)
2024-12-04 11:55:51 [Test worker] INFO  c.ssd.integrationTest.ProductApiIT - No active profile set, falling back to 1 default profile: "default"
2024-12-04 11:55:51 [Test worker] INFO  o.s.d.r.c.RepositoryConfigurationDelegate - Bootstrapping Spring Data JPA repositories in DEFAULT mode.
2024-12-04 11:55:51 [Test worker] INFO  o.s.d.r.c.RepositoryConfigurationDelegate - Finished Spring Data repository scanning in 11 ms. Found 1 JPA repository interface.
2024-12-04 11:55:51 [Test worker] INFO  o.s.b.w.e.tomcat.TomcatWebServer - Tomcat initialized with port 0 (http)
2024-12-04 11:55:51 [Test worker] INFO  o.a.coyote.http11.Http11NioProtocol - Initializing ProtocolHandler ["http-nio-auto-5"]
2024-12-04 11:55:51 [Test worker] INFO  o.a.catalina.core.StandardService - Starting service [Tomcat]
2024-12-04 11:55:51 [Test worker] INFO  o.a.catalina.core.StandardEngine - Starting Servlet engine: [Apache Tomcat/10.1.31]
2024-12-04 11:55:51 [Test worker] INFO  o.a.c.c.C.[Tomcat].[localhost].[/] - Initializing Spring embedded WebApplicationContext
2024-12-04 11:55:51 [Test worker] INFO  o.s.b.w.s.c.ServletWebServerApplicationContext - Root WebApplicationContext: initialization completed in 341 ms
2024-12-04 11:55:51 [Test worker] DEBUG o.s.j.d.SimpleDriverDataSource - Creating new JDBC Driver Connection to [jdbc:postgresql://localhost:52707/product_db]
2024-12-04 11:55:51 [Test worker] DEBUG o.s.j.d.SimpleDriverDataSource - Creating new JDBC Driver Connection to [jdbc:postgresql://localhost:52707/product_db]
2024-12-04 11:55:51 [Test worker] INFO  org.flywaydb.core.FlywayExecutor - Database: jdbc:postgresql://localhost:52707/product_db (PostgreSQL 17.2)
2024-12-04 11:55:51 [Test worker] INFO  o.f.c.i.s.JdbcTableSchemaHistory - Schema history table "public"."flyway_schema_history" does not exist yet
2024-12-04 11:55:51 [Test worker] INFO  o.f.core.internal.command.DbValidate - Successfully validated 2 migrations (execution time 00:00.007s)
2024-12-04 11:55:51 [Test worker] INFO  o.f.c.i.s.JdbcTableSchemaHistory - Creating Schema History table "public"."flyway_schema_history" ...
2024-12-04 11:55:51 [Test worker] DEBUG o.s.j.d.SimpleDriverDataSource - Creating new JDBC Driver Connection to [jdbc:postgresql://localhost:52707/product_db]
2024-12-04 11:55:51 [Test worker] INFO  o.f.core.internal.command.DbMigrate - Current version of schema "public": << Empty Schema >>
2024-12-04 11:55:51 [Test worker] WARN  o.f.core.internal.command.DbMigrate - outOfOrder mode is active. Migration of schema "public" may not be reproducible.
2024-12-04 11:55:52 [Test worker] INFO  o.f.core.internal.command.DbMigrate - Migrating schema "public" to version "1 - PG EXTENSIONS"
2024-12-04 11:55:52 [Test worker] INFO  o.f.core.internal.command.DbMigrate - Migrating schema "public" to version "2 - CREATE PRODUCT TABLE"
2024-12-04 11:55:52 [Test worker] INFO  o.f.core.internal.command.DbMigrate - Successfully applied 2 migrations to schema "public", now at version v2 (execution time 00:00.020s)
2024-12-04 11:55:52 [Test worker] INFO  o.h.jpa.internal.util.LogHelper - HHH000204: Processing PersistenceUnitInfo [name: default]
2024-12-04 11:55:52 [Test worker] INFO  o.h.c.i.RegionFactoryInitiator - HHH000026: Second-level cache disabled
2024-12-04 11:55:52 [Test worker] INFO  o.s.o.j.p.SpringPersistenceUnitInfo - No LoadTimeWeaver setup: ignoring JPA class transformer
2024-12-04 11:55:52 [Test worker] INFO  com.zaxxer.hikari.HikariDataSource - HikariPool-3 - Starting...
2024-12-04 11:55:52 [Test worker] INFO  com.zaxxer.hikari.pool.HikariPool - HikariPool-3 - Added connection org.postgresql.jdbc.PgConnection@79f40cc5
2024-12-04 11:55:52 [Test worker] INFO  com.zaxxer.hikari.HikariDataSource - HikariPool-3 - Start completed.
2024-12-04 11:55:52 [Test worker] WARN  org.hibernate.orm.deprecation - HHH90000025: PostgreSQLDialect does not need to be specified explicitly using 'hibernate.dialect' (remove the property setting and it will be selected by default)
2024-12-04 11:55:52 [Test worker] INFO  o.h.e.t.j.p.i.JtaPlatformInitiator - HHH000489: No JTA platform available (set 'hibernate.transaction.jta.platform' to enable JTA platform integration)
2024-12-04 11:55:52 [Test worker] INFO  o.s.o.j.LocalContainerEntityManagerFactoryBean - Initialized JPA EntityManagerFactory for persistence unit 'default'
Hibernate: insert into product (album_title,artist,price,promo_code,release_year) values (?,?,?,pgp_sym_encrypt(?::text,current_setting('encryption.key')),?) returning id
Hibernate: insert into product (album_title,artist,price,promo_code,release_year) values (?,?,?,pgp_sym_encrypt(?::text,current_setting('encryption.key')),?) returning id
2024-12-04 11:55:52 [Test worker] WARN  o.s.b.a.o.j.JpaBaseConfiguration$JpaWebConfiguration - spring.jpa.open-in-view is enabled by default. Therefore, database queries may be performed during view rendering. Explicitly configure spring.jpa.open-in-view to disable this warning
2024-12-04 11:55:52 [Test worker] INFO  o.s.b.a.w.s.WelcomePageHandlerMapping - Adding welcome page template: index
2024-12-04 11:55:52 [Test worker] INFO  o.a.coyote.http11.Http11NioProtocol - Starting ProtocolHandler ["http-nio-auto-5"]
2024-12-04 11:55:52 [Test worker] INFO  o.s.b.w.e.tomcat.TomcatWebServer - Tomcat started on port 52724 (http) with context path '/'
2024-12-04 11:55:52 [Test worker] INFO  o.s.b.w.e.tomcat.TomcatWebServer - Tomcat initialized with port 0 (http)
2024-12-04 11:55:52 [Test worker] INFO  o.a.coyote.http11.Http11NioProtocol - Initializing ProtocolHandler ["http-nio-auto-6"]
2024-12-04 11:55:52 [Test worker] INFO  o.a.catalina.core.StandardService - Starting service [Tomcat]
2024-12-04 11:55:52 [Test worker] INFO  o.a.catalina.core.StandardEngine - Starting Servlet engine: [Apache Tomcat/10.1.31]
2024-12-04 11:55:52 [Test worker] INFO  o.a.c.c.C.[Tomcat-1].[localhost].[/] - Initializing Spring embedded WebApplicationContext
2024-12-04 11:55:52 [Test worker] INFO  o.s.b.w.s.c.ServletWebServerApplicationContext - Root WebApplicationContext: initialization completed in 62 ms
2024-12-04 11:55:52 [Test worker] INFO  o.s.b.a.e.web.EndpointLinksResolver - Exposing 3 endpoints beneath base path '/actuator'
2024-12-04 11:55:52 [Test worker] INFO  o.a.coyote.http11.Http11NioProtocol - Starting ProtocolHandler ["http-nio-auto-6"]
2024-12-04 11:55:52 [Test worker] INFO  o.s.b.w.e.tomcat.TomcatWebServer - Tomcat started on port 52726 (http) with context path '/'
2024-12-04 11:55:52 [Test worker] INFO  c.ssd.integrationTest.ProductApiIT - Started ProductApiIT in 1.465 seconds (process running for 41.548)
2024-12-04 11:55:52 [http-nio-auto-5-exec-1] INFO  o.a.c.c.C.[Tomcat].[localhost].[/] - Initializing Spring DispatcherServlet 'dispatcherServlet'
2024-12-04 11:55:52 [http-nio-auto-5-exec-1] INFO  o.s.web.servlet.DispatcherServlet - Initializing Servlet 'dispatcherServlet'
2024-12-04 11:55:52 [http-nio-auto-5-exec-1] INFO  o.s.web.servlet.DispatcherServlet - Completed initialization in 1 ms
2024-12-04 11:55:52 [http-nio-auto-5-exec-1] DEBUG o.s.jdbc.datasource.DataSourceUtils - Setting JDBC Connection [HikariProxyConnection@1132411557 wrapping org.postgresql.jdbc.PgConnection@79f40cc5] read-only
Hibernate: select pe1_0.id,pe1_0.album_title,pe1_0.artist,pe1_0.price,pgp_sym_decrypt(pe1_0.promo_code, current_setting('encryption.key')),pe1_0.release_year from product pe1_0
2024-12-04 11:55:52 [http-nio-auto-5-exec-1] DEBUG o.s.jdbc.datasource.DataSourceUtils - Resetting read-only flag of JDBC Connection [HikariProxyConnection@1132411557 wrapping org.postgresql.jdbc.PgConnection@79f40cc5]
2024-12-04 11:55:53 [Test worker] INFO  tc.docker/compose:1.29.2 - Creating container for image: docker/compose:1.29.2
2024-12-04 11:55:53 [Test worker] INFO  tc.docker/compose:1.29.2 - Container docker/compose:1.29.2 is starting: ebbf97b38d839da3ffa62d492058cd4a9319437454f6d5b7490b13763a39c66b
2024-12-04 11:55:55 [Test worker] INFO  tc.docker/compose:1.29.2 - Container docker/compose:1.29.2 started in PT2.316094S
2024-12-04 11:55:55 [Test worker] INFO  tc.docker/compose:1.29.2 - Docker Compose container is running for command: down -v
2024-12-04 11:55:55 [docker-java-stream--2033232422] INFO  tc.docker/compose:1.29.2 - STDERR: Stopping prb6whavvm8q_postgres_1 ... 
2024-12-04 11:55:55 [docker-java-stream--2033232422] INFO  tc.docker/compose:1.29.2 - STDERR: Stopping prb6whavvm8q_postgres_1 ... done
2024-12-04 11:55:55 [docker-java-stream--2033232422] INFO  tc.docker/compose:1.29.2 - STDERR: Removing prb6whavvm8q_postgres_1 ... 
2024-12-04 11:55:55 [docker-java-stream--2033232422] INFO  tc.docker/compose:1.29.2 - STDERR: Removing prb6whavvm8q_postgres_1 ... done
2024-12-04 11:55:55 [Test worker] INFO  tc.docker/compose:1.29.2 - Docker Compose has finished running
2024-12-04 11:55:55 [docker-java-stream--2033232422] INFO  tc.docker/compose:1.29.2 - STDERR: Network damo_network is external, skipping
2024-12-04 11:55:55 [Test worker] INFO  o.a.coyote.http11.Http11NioProtocol - Stopping ProtocolHandler ["http-nio-auto-6-52726"]
2024-12-04 11:55:55 [Test worker] INFO  o.a.catalina.core.StandardService - Stopping service [Tomcat]
2024-12-04 11:55:55 [Test worker] INFO  o.a.coyote.http11.Http11NioProtocol - Stopping ProtocolHandler ["http-nio-auto-5-52724"]
2024-12-04 11:55:55 [Test worker] INFO  o.s.o.j.LocalContainerEntityManagerFactoryBean - Closing JPA EntityManagerFactory for persistence unit 'default'
2024-12-04 11:55:55 [Test worker] INFO  com.zaxxer.hikari.HikariDataSource - HikariPool-3 - Shutdown initiated...
2024-12-04 11:55:55 [Test worker] INFO  com.zaxxer.hikari.HikariDataSource - HikariPool-3 - Shutdown completed.
]]></system-out>
  <system-err><![CDATA[]]></system-err>
</testsuite>
