<?xml version="1.0" encoding="UTF-8"?>
<testsuite name="com.ssd.gateway.ratelimit.HeavyUsage_NotReplenishable_RateLimitTest" tests="1" skipped="0" failures="0" errors="0" timestamp="2024-12-04T12:05:12" hostname="Grainnes-MBP" time="8.287">
  <properties/>
  <testcase name="hammer API()" classname="com.ssd.gateway.ratelimit.HeavyUsage_NotReplenishable_RateLimitTest" time="8.287"/>
  <system-out><![CDATA[2024-12-04 12:05:06 [Test worker] INFO  o.s.t.c.s.AnnotationConfigContextLoaderUtils - Could not detect default configuration classes for test class [com.ssd.gateway.ratelimit.HeavyUsage_NotReplenishable_RateLimitTest]: HeavyUsage_NotReplenishable_RateLimitTest does not declare any static, non-private, non-final, nested classes annotated with @Configuration.
2024-12-04 12:05:06 [Test worker] INFO  o.s.b.t.c.SpringBootTestContextBootstrapper - Found @SpringBootConfiguration com.ssd.gateway.Application for test class com.ssd.gateway.ratelimit.HeavyUsage_NotReplenishable_RateLimitTest
Project root directory: /Users/grainneomalley/damo/workspace/college/damo_partner_portal/gateway-api
starting redis..
2024-12-04 12:05:06 [Test worker] INFO  o.t.containers.ComposeDelegate - Preemptively checking local images for 'bitnami/redis:latest', referenced via a compose file or transitive Dockerfile. If not available, it will be pulled.
2024-12-04 12:05:06 [Test worker] INFO  tc.docker/compose:1.29.2 - Copying all files in /Users/grainneomalley/damo/workspace/college/damo_partner_portal/gateway-api/local into the container
2024-12-04 12:05:06 [Test worker] INFO  tc.docker/compose:1.29.2 - Creating container for image: docker/compose:1.29.2
2024-12-04 12:05:06 [Test worker] INFO  tc.docker/compose:1.29.2 - Container docker/compose:1.29.2 is starting: 3e8e9c289ff57505e3eca8b59a0db2b635f9db801c931551f41f28b6de35f28e
2024-12-04 12:05:08 [Test worker] INFO  tc.docker/compose:1.29.2 - Container docker/compose:1.29.2 started in PT2.626926S
2024-12-04 12:05:08 [Test worker] INFO  tc.docker/compose:1.29.2 - Docker Compose container is running for command: up -d
2024-12-04 12:05:08 [docker-java-stream--1212555821] INFO  tc.docker/compose:1.29.2 - STDERR: Creating volume "mrqrqb3eyaeu_redis" with local driver
2024-12-04 12:05:08 [docker-java-stream--1212555821] INFO  tc.docker/compose:1.29.2 - STDERR: Creating mrqrqb3eyaeu_redis_1 ... 
2024-12-04 12:05:08 [docker-java-stream--1212555821] INFO  tc.docker/compose:1.29.2 - STDERR: Creating mrqrqb3eyaeu_redis_1 ... done
2024-12-04 12:05:08 [Test worker] INFO  tc.docker/compose:1.29.2 - Docker Compose has finished running
2024-12-04 12:05:08 [Test worker] INFO  tc.alpine/socat:1.7.4.3-r0 - Creating container for image: alpine/socat:1.7.4.3-r0
2024-12-04 12:05:09 [Test worker] INFO  tc.alpine/socat:1.7.4.3-r0 - Container alpine/socat:1.7.4.3-r0 is starting: 56b5a97ba41e89c23532021ca37dbf2eaf6c8db88aa21a80fa6087585756c7f4
2024-12-04 12:05:09 [Test worker] INFO  tc.alpine/socat:1.7.4.3-r0 - Container alpine/socat:1.7.4.3-r0 started in PT0.82077S
redis started
2024-12-04 12:05:10 [lettuce-nioEventLoop-7-1] INFO  i.l.c.protocol.ReconnectionHandler - Reconnected to localhost/<unresolved>:6379
ApiResponse(index=0, responseCode=502, remainingRateLimitTokens=19, requestTime=2024-12-04T12:05:12.927271)
ApiResponse(index=2, responseCode=200, remainingRateLimitTokens=18, requestTime=2024-12-04T12:05:13.090530)
ApiResponse(index=5, responseCode=200, remainingRateLimitTokens=15, requestTime=2024-12-04T12:05:13.335814)
ApiResponse(index=7, responseCode=200, remainingRateLimitTokens=13, requestTime=2024-12-04T12:05:13.499308)
ApiResponse(index=9, responseCode=200, remainingRateLimitTokens=11, requestTime=2024-12-04T12:05:13.664644)
ApiResponse(index=1, responseCode=200, remainingRateLimitTokens=19, requestTime=2024-12-04T12:05:13.009270)
ApiResponse(index=3, responseCode=200, remainingRateLimitTokens=17, requestTime=2024-12-04T12:05:13.172725)
ApiResponse(index=11, responseCode=200, remainingRateLimitTokens=9, requestTime=2024-12-04T12:05:13.829129)
ApiResponse(index=13, responseCode=200, remainingRateLimitTokens=7, requestTime=2024-12-04T12:05:13.995338)
ApiResponse(index=12, responseCode=200, remainingRateLimitTokens=8, requestTime=2024-12-04T12:05:13.909660)
ApiResponse(index=14, responseCode=200, remainingRateLimitTokens=16, requestTime=2024-12-04T12:05:14.075580)
ApiResponse(index=4, responseCode=200, remainingRateLimitTokens=16, requestTime=2024-12-04T12:05:13.254150)
ApiResponse(index=17, responseCode=200, remainingRateLimitTokens=13, requestTime=2024-12-04T12:05:14.326952)
ApiResponse(index=18, responseCode=200, remainingRateLimitTokens=12, requestTime=2024-12-04T12:05:14.407278)
ApiResponse(index=15, responseCode=200, remainingRateLimitTokens=15, requestTime=2024-12-04T12:05:14.156220)
ApiResponse(index=21, responseCode=200, remainingRateLimitTokens=9, requestTime=2024-12-04T12:05:14.657753)
ApiResponse(index=6, responseCode=200, remainingRateLimitTokens=14, requestTime=2024-12-04T12:05:13.418010)
ApiResponse(index=16, responseCode=200, remainingRateLimitTokens=14, requestTime=2024-12-04T12:05:14.241639)
ApiResponse(index=22, responseCode=200, remainingRateLimitTokens=8, requestTime=2024-12-04T12:05:14.741765)
ApiResponse(index=8, responseCode=200, remainingRateLimitTokens=12, requestTime=2024-12-04T12:05:13.581577)
ApiResponse(index=23, responseCode=200, remainingRateLimitTokens=7, requestTime=2024-12-04T12:05:14.823141)
ApiResponse(index=20, responseCode=200, remainingRateLimitTokens=10, requestTime=2024-12-04T12:05:14.574616)
ApiResponse(index=19, responseCode=200, remainingRateLimitTokens=11, requestTime=2024-12-04T12:05:14.489034)
ApiResponse(index=27, responseCode=200, remainingRateLimitTokens=13, requestTime=2024-12-04T12:05:15.153299)
ApiResponse(index=28, responseCode=200, remainingRateLimitTokens=12, requestTime=2024-12-04T12:05:15.234369)
ApiResponse(index=29, responseCode=200, remainingRateLimitTokens=11, requestTime=2024-12-04T12:05:15.318306)
ApiResponse(index=24, responseCode=200, remainingRateLimitTokens=6, requestTime=2024-12-04T12:05:14.907692)
ApiResponse(index=33, responseCode=200, remainingRateLimitTokens=7, requestTime=2024-12-04T12:05:15.647880)
ApiResponse(index=30, responseCode=200, remainingRateLimitTokens=10, requestTime=2024-12-04T12:05:15.403232)
ApiResponse(index=25, responseCode=200, remainingRateLimitTokens=5, requestTime=2024-12-04T12:05:14.988191)
ApiResponse(index=35, responseCode=200, remainingRateLimitTokens=5, requestTime=2024-12-04T12:05:15.815945)
ApiResponse(index=32, responseCode=200, remainingRateLimitTokens=8, requestTime=2024-12-04T12:05:15.566873)
ApiResponse(index=36, responseCode=200, remainingRateLimitTokens=4, requestTime=2024-12-04T12:05:15.898956)
ApiResponse(index=26, responseCode=200, remainingRateLimitTokens=14, requestTime=2024-12-04T12:05:15.068803)
ApiResponse(index=10, responseCode=200, remainingRateLimitTokens=10, requestTime=2024-12-04T12:05:13.748133)
ApiResponse(index=37, responseCode=200, remainingRateLimitTokens=3, requestTime=2024-12-04T12:05:15.982353)
ApiResponse(index=38, responseCode=200, remainingRateLimitTokens=12, requestTime=2024-12-04T12:05:16.062582)
ApiResponse(index=39, responseCode=200, remainingRateLimitTokens=11, requestTime=2024-12-04T12:05:16.145678)
ApiResponse(index=34, responseCode=200, remainingRateLimitTokens=6, requestTime=2024-12-04T12:05:15.730840)
ApiResponse(index=40, responseCode=200, remainingRateLimitTokens=10, requestTime=2024-12-04T12:05:16.231384)
ApiResponse(index=41, responseCode=200, remainingRateLimitTokens=9, requestTime=2024-12-04T12:05:16.312574)
ApiResponse(index=42, responseCode=200, remainingRateLimitTokens=8, requestTime=2024-12-04T12:05:16.395496)
ApiResponse(index=43, responseCode=200, remainingRateLimitTokens=7, requestTime=2024-12-04T12:05:16.480856)
ApiResponse(index=44, responseCode=200, remainingRateLimitTokens=6, requestTime=2024-12-04T12:05:16.564591)
ApiResponse(index=31, responseCode=200, remainingRateLimitTokens=9, requestTime=2024-12-04T12:05:15.483897)
ApiResponse(index=45, responseCode=200, remainingRateLimitTokens=5, requestTime=2024-12-04T12:05:16.645279)
ApiResponse(index=46, responseCode=200, remainingRateLimitTokens=4, requestTime=2024-12-04T12:05:16.726912)
ApiResponse(index=47, responseCode=200, remainingRateLimitTokens=3, requestTime=2024-12-04T12:05:16.807700)
ApiResponse(index=49, responseCode=200, remainingRateLimitTokens=1, requestTime=2024-12-04T12:05:16.974650)
ApiResponse(index=50, responseCode=200, remainingRateLimitTokens=10, requestTime=2024-12-04T12:05:17.055265)
ApiResponse(index=51, responseCode=200, remainingRateLimitTokens=9, requestTime=2024-12-04T12:05:17.140144)
ApiResponse(index=53, responseCode=200, remainingRateLimitTokens=7, requestTime=2024-12-04T12:05:17.303469)
ApiResponse(index=54, responseCode=200, remainingRateLimitTokens=6, requestTime=2024-12-04T12:05:17.387857)
ApiResponse(index=55, responseCode=200, remainingRateLimitTokens=5, requestTime=2024-12-04T12:05:17.470661)
ApiResponse(index=48, responseCode=200, remainingRateLimitTokens=2, requestTime=2024-12-04T12:05:16.892553)
ApiResponse(index=56, responseCode=200, remainingRateLimitTokens=4, requestTime=2024-12-04T12:05:17.551304)
ApiResponse(index=52, responseCode=200, remainingRateLimitTokens=8, requestTime=2024-12-04T12:05:17.220988)
ApiResponse(index=57, responseCode=200, remainingRateLimitTokens=3, requestTime=2024-12-04T12:05:17.635840)
ApiResponse(index=58, responseCode=200, remainingRateLimitTokens=2, requestTime=2024-12-04T12:05:17.717305)
ApiResponse(index=61, responseCode=429, remainingRateLimitTokens=0, requestTime=2024-12-04T12:05:17.962645)
ApiResponse(index=60, responseCode=200, remainingRateLimitTokens=0, requestTime=2024-12-04T12:05:17.881554)
ApiResponse(index=59, responseCode=200, remainingRateLimitTokens=1, requestTime=2024-12-04T12:05:17.798895)
ApiResponse(index=62, responseCode=200, remainingRateLimitTokens=9, requestTime=2024-12-04T12:05:18.043020)
ApiResponse(index=63, responseCode=200, remainingRateLimitTokens=8, requestTime=2024-12-04T12:05:18.124360)
ApiResponse(index=64, responseCode=200, remainingRateLimitTokens=7, requestTime=2024-12-04T12:05:18.205209)
ApiResponse(index=65, responseCode=200, remainingRateLimitTokens=6, requestTime=2024-12-04T12:05:18.289619)
ApiResponse(index=66, responseCode=200, remainingRateLimitTokens=5, requestTime=2024-12-04T12:05:18.370295)
ApiResponse(index=67, responseCode=200, remainingRateLimitTokens=4, requestTime=2024-12-04T12:05:18.452255)
ApiResponse(index=69, responseCode=200, remainingRateLimitTokens=2, requestTime=2024-12-04T12:05:18.617098)
ApiResponse(index=72, responseCode=429, remainingRateLimitTokens=0, requestTime=2024-12-04T12:05:18.864307)
ApiResponse(index=73, responseCode=429, remainingRateLimitTokens=0, requestTime=2024-12-04T12:05:18.948336)
ApiResponse(index=68, responseCode=200, remainingRateLimitTokens=3, requestTime=2024-12-04T12:05:18.535644)
ApiResponse(index=74, responseCode=200, remainingRateLimitTokens=9, requestTime=2024-12-04T12:05:19.031412)
ApiResponse(index=70, responseCode=200, remainingRateLimitTokens=1, requestTime=2024-12-04T12:05:18.699391)
ApiResponse(index=71, responseCode=200, remainingRateLimitTokens=0, requestTime=2024-12-04T12:05:18.781981)
ApiResponse(index=75, responseCode=200, remainingRateLimitTokens=8, requestTime=2024-12-04T12:05:19.116021)
ApiResponse(index=77, responseCode=200, remainingRateLimitTokens=6, requestTime=2024-12-04T12:05:19.279830)
ApiResponse(index=78, responseCode=200, remainingRateLimitTokens=5, requestTime=2024-12-04T12:05:19.364036)
ApiResponse(index=76, responseCode=200, remainingRateLimitTokens=7, requestTime=2024-12-04T12:05:19.198704)
ApiResponse(index=79, responseCode=200, remainingRateLimitTokens=4, requestTime=2024-12-04T12:05:19.445741)
ApiResponse(index=80, responseCode=200, remainingRateLimitTokens=3, requestTime=2024-12-04T12:05:19.528107)
ApiResponse(index=81, responseCode=200, remainingRateLimitTokens=2, requestTime=2024-12-04T12:05:19.610352)
ApiResponse(index=82, responseCode=200, remainingRateLimitTokens=1, requestTime=2024-12-04T12:05:19.693399)
ApiResponse(index=84, responseCode=429, remainingRateLimitTokens=0, requestTime=2024-12-04T12:05:19.855893)
ApiResponse(index=83, responseCode=200, remainingRateLimitTokens=0, requestTime=2024-12-04T12:05:19.773731)
ApiResponse(index=85, responseCode=429, remainingRateLimitTokens=0, requestTime=2024-12-04T12:05:19.940258)
ApiResponse(index=86, responseCode=200, remainingRateLimitTokens=9, requestTime=2024-12-04T12:05:20.024198)
ApiResponse(index=87, responseCode=200, remainingRateLimitTokens=8, requestTime=2024-12-04T12:05:20.108560)
ApiResponse(index=89, responseCode=200, remainingRateLimitTokens=6, requestTime=2024-12-04T12:05:20.273039)
ApiResponse(index=90, responseCode=200, remainingRateLimitTokens=5, requestTime=2024-12-04T12:05:20.354422)
ApiResponse(index=91, responseCode=200, remainingRateLimitTokens=4, requestTime=2024-12-04T12:05:20.434645)
ApiResponse(index=92, responseCode=200, remainingRateLimitTokens=3, requestTime=2024-12-04T12:05:20.516561)
ApiResponse(index=88, responseCode=200, remainingRateLimitTokens=7, requestTime=2024-12-04T12:05:20.192828)
ApiResponse(index=93, responseCode=200, remainingRateLimitTokens=2, requestTime=2024-12-04T12:05:20.598088)
ApiResponse(index=94, responseCode=200, remainingRateLimitTokens=1, requestTime=2024-12-04T12:05:20.678939)
ApiResponse(index=96, responseCode=429, remainingRateLimitTokens=0, requestTime=2024-12-04T12:05:20.845852)
ApiResponse(index=95, responseCode=200, remainingRateLimitTokens=0, requestTime=2024-12-04T12:05:20.762609)
ApiResponse(index=97, responseCode=429, remainingRateLimitTokens=0, requestTime=2024-12-04T12:05:20.926987)
ApiResponse(index=98, responseCode=200, remainingRateLimitTokens=9, requestTime=2024-12-04T12:05:21.007396)
ApiResponse(index=99, responseCode=200, remainingRateLimitTokens=8, requestTime=2024-12-04T12:05:21.090639)
502 Count: 1
200 Count: 92
429 Count: 7
Time difference: 8 seconds
2024-12-04 12:05:21 [Test worker] INFO  tc.docker/compose:1.29.2 - Copying all files in /Users/grainneomalley/damo/workspace/college/damo_partner_portal/gateway-api/local into the container
2024-12-04 12:05:21 [Test worker] INFO  tc.docker/compose:1.29.2 - Creating container for image: docker/compose:1.29.2
2024-12-04 12:05:21 [Test worker] INFO  tc.docker/compose:1.29.2 - Container docker/compose:1.29.2 is starting: 4b2370f44f061e98c9167d04e580e7408a59eec1f1fc3c9e9fb53f6ffc598412
2024-12-04 12:05:23 [lettuce-eventExecutorLoop-3-2] INFO  i.l.core.protocol.ConnectionWatchdog - Reconnecting, last destination was localhost/[0:0:0:0:0:0:0:1]:6379
2024-12-04 12:05:23 [lettuce-nioEventLoop-7-2] WARN  i.l.core.protocol.ConnectionWatchdog - Cannot reconnect to [localhost/<unresolved>:6379]: Connection reset
java.net.SocketException: Connection reset
	at java.base/sun.nio.ch.SocketChannelImpl.throwConnectionReset(SocketChannelImpl.java:401)
	at java.base/sun.nio.ch.SocketChannelImpl.read(SocketChannelImpl.java:434)
	at io.netty.buffer.PooledByteBuf.setBytes(PooledByteBuf.java:255)
	at io.netty.buffer.AbstractByteBuf.writeBytes(AbstractByteBuf.java:1132)
	at io.netty.channel.socket.nio.NioSocketChannel.doReadBytes(NioSocketChannel.java:356)
	at io.netty.channel.nio.AbstractNioByteChannel$NioByteUnsafe.read(AbstractNioByteChannel.java:151)
	at io.netty.channel.nio.NioEventLoop.processSelectedKey(NioEventLoop.java:788)
	at io.netty.channel.nio.NioEventLoop.processSelectedKeysOptimized(NioEventLoop.java:724)
	at io.netty.channel.nio.NioEventLoop.processSelectedKeys(NioEventLoop.java:650)
	at io.netty.channel.nio.NioEventLoop.run(NioEventLoop.java:562)
	at io.netty.util.concurrent.SingleThreadEventExecutor$4.run(SingleThreadEventExecutor.java:997)
	at io.netty.util.internal.ThreadExecutorMap$2.run(ThreadExecutorMap.java:74)
	at io.netty.util.concurrent.FastThreadLocalRunnable.run(FastThreadLocalRunnable.java:30)
	at java.base/java.lang.Thread.run(Thread.java:1583)
2024-12-04 12:05:23 [Test worker] INFO  tc.docker/compose:1.29.2 - Container docker/compose:1.29.2 started in PT2.366622S
2024-12-04 12:05:23 [Test worker] INFO  tc.docker/compose:1.29.2 - Docker Compose container is running for command: down -v
2024-12-04 12:05:23 [docker-java-stream-77568772] INFO  tc.docker/compose:1.29.2 - STDERR: Stopping mrqrqb3eyaeu_redis_1 ... 
2024-12-04 12:05:23 [docker-java-stream-77568772] INFO  tc.docker/compose:1.29.2 - STDERR: Stopping mrqrqb3eyaeu_redis_1 ... done
2024-12-04 12:05:23 [docker-java-stream-77568772] INFO  tc.docker/compose:1.29.2 - STDERR: Removing mrqrqb3eyaeu_redis_1 ... 
2024-12-04 12:05:23 [docker-java-stream-77568772] INFO  tc.docker/compose:1.29.2 - STDERR: Removing mrqrqb3eyaeu_redis_1 ... done
2024-12-04 12:05:23 [docker-java-stream-77568772] INFO  tc.docker/compose:1.29.2 - STDERR: Network damo_network is external, skipping
2024-12-04 12:05:23 [docker-java-stream-77568772] INFO  tc.docker/compose:1.29.2 - STDERR: Removing volume mrqrqb3eyaeu_redis
2024-12-04 12:05:23 [Test worker] INFO  tc.docker/compose:1.29.2 - Docker Compose has finished running
]]></system-out>
  <system-err><![CDATA[]]></system-err>
</testsuite>
