<?xml version="1.0" encoding="UTF-8"?>
<testsuite name="com.ssd.gateway.integrationTest.ratelimit.BurstJustBelowMaxAllowedRateLimitTest" tests="1" skipped="0" failures="0" errors="0" timestamp="2024-12-04T12:42:17" hostname="Grainnes-MBP" time="0.761">
  <properties/>
  <testcase name="hammer API()" classname="com.ssd.gateway.integrationTest.ratelimit.BurstJustBelowMaxAllowedRateLimitTest" time="0.761"/>
  <system-out><![CDATA[2024-12-04 12:42:10 [Test worker] INFO  o.s.t.c.s.AnnotationConfigContextLoaderUtils - Could not detect default configuration classes for test class [com.ssd.gateway.integrationTest.ratelimit.BurstJustBelowMaxAllowedRateLimitTest]: BurstJustBelowMaxAllowedRateLimitTest does not declare any static, non-private, non-final, nested classes annotated with @Configuration.
2024-12-04 12:42:10 [Test worker] INFO  o.s.b.t.c.SpringBootTestContextBootstrapper - Found @SpringBootConfiguration com.ssd.gateway.Application for test class com.ssd.gateway.integrationTest.ratelimit.BurstJustBelowMaxAllowedRateLimitTest
Project root directory: /Users/grainneomalley/damo/workspace/college/damo_partner_portal/gateway-api
starting redis..
2024-12-04 12:42:10 [Test worker] INFO  o.t.containers.ComposeDelegate - Preemptively checking local images for 'bitnami/redis:latest', referenced via a compose file or transitive Dockerfile. If not available, it will be pulled.
2024-12-04 12:42:10 [Test worker] INFO  tc.docker/compose:1.29.2 - Copying all files in /Users/grainneomalley/damo/workspace/college/damo_partner_portal/gateway-api/local into the container
2024-12-04 12:42:10 [Test worker] INFO  tc.docker/compose:1.29.2 - Creating container for image: docker/compose:1.29.2
2024-12-04 12:42:10 [Test worker] INFO  tc.docker/compose:1.29.2 - Container docker/compose:1.29.2 is starting: 0b91a551a3f3a8d9eced729aa99be5c9f7f7517d844d4d49673bd3001e4b2cf5
2024-12-04 12:42:13 [Test worker] INFO  tc.docker/compose:1.29.2 - Container docker/compose:1.29.2 started in PT3.246748S
2024-12-04 12:42:13 [Test worker] INFO  tc.docker/compose:1.29.2 - Docker Compose container is running for command: up -d
2024-12-04 12:42:13 [docker-java-stream--1441892818] INFO  tc.docker/compose:1.29.2 - STDERR: Creating volume "fhew9mehjotm_redis" with local driver
2024-12-04 12:42:13 [docker-java-stream--1441892818] INFO  tc.docker/compose:1.29.2 - STDERR: Creating fhew9mehjotm_redis_1 ... 
2024-12-04 12:42:13 [docker-java-stream--1441892818] INFO  tc.docker/compose:1.29.2 - STDERR: Creating fhew9mehjotm_redis_1 ... done
2024-12-04 12:42:13 [Test worker] INFO  tc.docker/compose:1.29.2 - Docker Compose has finished running
2024-12-04 12:42:13 [Test worker] INFO  tc.alpine/socat:1.7.4.3-r0 - Creating container for image: alpine/socat:1.7.4.3-r0
2024-12-04 12:42:13 [Test worker] INFO  tc.alpine/socat:1.7.4.3-r0 - Container alpine/socat:1.7.4.3-r0 is starting: 3bb8b71b19505392e9749c2874bb6678b5a7f80f2bb5d6ef43a7847a31a5160d
2024-12-04 12:42:14 [Test worker] INFO  tc.alpine/socat:1.7.4.3-r0 - Container alpine/socat:1.7.4.3-r0 started in PT0.951669S
2024-12-04 12:42:14 [lettuce-nioEventLoop-7-2] INFO  i.l.c.protocol.ReconnectionHandler - Reconnected to localhost/<unresolved>:6379
redis started
ApiResponse(index=3, responseCode=200, remainingRateLimitTokens=19, requestTime=2024-12-04T12:42:17.987088)
ApiResponse(index=13, responseCode=200, remainingRateLimitTokens=18, requestTime=2024-12-04T12:42:17.988419)
ApiResponse(index=9, responseCode=200, remainingRateLimitTokens=16, requestTime=2024-12-04T12:42:17.987901)
ApiResponse(index=8, responseCode=200, remainingRateLimitTokens=15, requestTime=2024-12-04T12:42:17.987900)
ApiResponse(index=6, responseCode=200, remainingRateLimitTokens=14, requestTime=2024-12-04T12:42:17.987431)
ApiResponse(index=12, responseCode=200, remainingRateLimitTokens=13, requestTime=2024-12-04T12:42:17.988442)
ApiResponse(index=14, responseCode=200, remainingRateLimitTokens=12, requestTime=2024-12-04T12:42:17.988803)
ApiResponse(index=0, responseCode=200, remainingRateLimitTokens=11, requestTime=2024-12-04T12:42:17.986662)
ApiResponse(index=2, responseCode=200, remainingRateLimitTokens=8, requestTime=2024-12-04T12:42:17.987071)
ApiResponse(index=10, responseCode=200, remainingRateLimitTokens=10, requestTime=2024-12-04T12:42:17.988119)
ApiResponse(index=4, responseCode=200, remainingRateLimitTokens=1, requestTime=2024-12-04T12:42:17.987347)
ApiResponse(index=18, responseCode=200, remainingRateLimitTokens=2, requestTime=2024-12-04T12:42:18.009829)
ApiResponse(index=1, responseCode=200, remainingRateLimitTokens=6, requestTime=2024-12-04T12:42:17.986780)
ApiResponse(index=15, responseCode=200, remainingRateLimitTokens=5, requestTime=2024-12-04T12:42:17.988834)
ApiResponse(index=11, responseCode=200, remainingRateLimitTokens=17, requestTime=2024-12-04T12:42:17.988169)
ApiResponse(index=7, responseCode=200, remainingRateLimitTokens=9, requestTime=2024-12-04T12:42:17.987696)
ApiResponse(index=5, responseCode=200, remainingRateLimitTokens=7, requestTime=2024-12-04T12:42:17.987418)
ApiResponse(index=17, responseCode=200, remainingRateLimitTokens=4, requestTime=2024-12-04T12:42:18.001547)
ApiResponse(index=16, responseCode=200, remainingRateLimitTokens=3, requestTime=2024-12-04T12:42:17.989132)
200 Count: 19
Time difference: 0 seconds
2024-12-04 12:42:18 [Test worker] INFO  tc.docker/compose:1.29.2 - Copying all files in /Users/grainneomalley/damo/workspace/college/damo_partner_portal/gateway-api/local into the container
2024-12-04 12:42:18 [Test worker] INFO  tc.docker/compose:1.29.2 - Creating container for image: docker/compose:1.29.2
2024-12-04 12:42:19 [Test worker] INFO  tc.docker/compose:1.29.2 - Container docker/compose:1.29.2 is starting: 401729d53d7ca3ae0518c0445894c70b90e83b090ce7034ce49832ec7d871c09
2024-12-04 12:42:20 [lettuce-eventExecutorLoop-3-3] INFO  i.l.core.protocol.ConnectionWatchdog - Reconnecting, last destination was localhost/[0:0:0:0:0:0:0:1]:6379
2024-12-04 12:42:20 [lettuce-nioEventLoop-7-3] WARN  i.l.core.protocol.ConnectionWatchdog - Cannot reconnect to [localhost/<unresolved>:6379]: Connection reset
java.net.SocketException: Connection reset
	at java.base/sun.nio.ch.SocketChannelImpl.throwConnectionReset(SocketChannelImpl.java:401)
	at java.base/sun.nio.ch.SocketChannelImpl.read(SocketChannelImpl.java:434)
	at io.netty.buffer.PooledByteBuf.setBytes(PooledByteBuf.java:255)
	at io.netty.buffer.AbstractByteBuf.writeBytes(AbstractByteBuf.java:1132)
	at io.netty.channel.socket.nio.NioSocketChannel.doReadBytes(NioSocketChannel.java:356)
	at io.netty.channel.nio.AbstractNioByteChannel$NioByteUnsafe.read(AbstractNioByteChannel.java:151)
	at io.netty.channel.nio.NioEventLoop.processSelectedKey(NioEventLoop.java:788)
	at io.netty.channel.nio.NioEventLoop.processSelectedKeysOptimized(NioEventLoop.java:724)
	at io.netty.channel.nio.NioEventLoop.processSelectedKeys(NioEventLoop.java:650)
	at io.netty.channel.nio.NioEventLoop.run(NioEventLoop.java:562)
	at io.netty.util.concurrent.SingleThreadEventExecutor$4.run(SingleThreadEventExecutor.java:997)
	at io.netty.util.internal.ThreadExecutorMap$2.run(ThreadExecutorMap.java:74)
	at io.netty.util.concurrent.FastThreadLocalRunnable.run(FastThreadLocalRunnable.java:30)
	at java.base/java.lang.Thread.run(Thread.java:1583)
2024-12-04 12:42:21 [Test worker] INFO  tc.docker/compose:1.29.2 - Container docker/compose:1.29.2 started in PT2.324751S
2024-12-04 12:42:21 [Test worker] INFO  tc.docker/compose:1.29.2 - Docker Compose container is running for command: down -v
2024-12-04 12:42:21 [docker-java-stream--195053934] INFO  tc.docker/compose:1.29.2 - STDERR: Stopping fhew9mehjotm_redis_1 ... 
2024-12-04 12:42:21 [docker-java-stream--195053934] INFO  tc.docker/compose:1.29.2 - STDERR: Stopping fhew9mehjotm_redis_1 ... done
2024-12-04 12:42:21 [docker-java-stream--195053934] INFO  tc.docker/compose:1.29.2 - STDERR: Removing fhew9mehjotm_redis_1 ... 
2024-12-04 12:42:21 [docker-java-stream--195053934] INFO  tc.docker/compose:1.29.2 - STDERR: Removing fhew9mehjotm_redis_1 ... done
2024-12-04 12:42:21 [docker-java-stream--195053934] INFO  tc.docker/compose:1.29.2 - STDERR: Network damo_network is external, skipping
2024-12-04 12:42:21 [docker-java-stream--195053934] INFO  tc.docker/compose:1.29.2 - STDERR: Removing volume fhew9mehjotm_redis
2024-12-04 12:42:21 [Test worker] INFO  tc.docker/compose:1.29.2 - Docker Compose has finished running
]]></system-out>
  <system-err><![CDATA[]]></system-err>
</testsuite>
