<?xml version="1.0" encoding="UTF-8"?>
<testsuite name="com.ssd.gateway.integrationTest.ratelimit.HeavyUsage_Replenishable_RateLimitTest" tests="1" skipped="0" failures="0" errors="0" timestamp="2024-12-04T12:42:48" hostname="Grainnes-MBP" time="4.182">
  <properties/>
  <testcase name="hammer API()" classname="com.ssd.gateway.integrationTest.ratelimit.HeavyUsage_Replenishable_RateLimitTest" time="4.182"/>
  <system-out><![CDATA[2024-12-04 12:42:42 [Test worker] INFO  o.s.t.c.s.AnnotationConfigContextLoaderUtils - Could not detect default configuration classes for test class [com.ssd.gateway.integrationTest.ratelimit.HeavyUsage_Replenishable_RateLimitTest]: HeavyUsage_Replenishable_RateLimitTest does not declare any static, non-private, non-final, nested classes annotated with @Configuration.
2024-12-04 12:42:42 [Test worker] INFO  o.s.b.t.c.SpringBootTestContextBootstrapper - Found @SpringBootConfiguration com.ssd.gateway.Application for test class com.ssd.gateway.integrationTest.ratelimit.HeavyUsage_Replenishable_RateLimitTest
Project root directory: /Users/grainneomalley/damo/workspace/college/damo_partner_portal/gateway-api
starting redis..
2024-12-04 12:42:42 [Test worker] INFO  o.t.containers.ComposeDelegate - Preemptively checking local images for 'bitnami/redis:latest', referenced via a compose file or transitive Dockerfile. If not available, it will be pulled.
2024-12-04 12:42:42 [Test worker] INFO  tc.docker/compose:1.29.2 - Copying all files in /Users/grainneomalley/damo/workspace/college/damo_partner_portal/gateway-api/local into the container
2024-12-04 12:42:42 [Test worker] INFO  tc.docker/compose:1.29.2 - Creating container for image: docker/compose:1.29.2
2024-12-04 12:42:42 [Test worker] INFO  tc.docker/compose:1.29.2 - Container docker/compose:1.29.2 is starting: f13deb2abcc11fc3c78a8844bd578afb70682e6039d97bd7eaccaec1cf0e597a
2024-12-04 12:42:44 [Test worker] INFO  tc.docker/compose:1.29.2 - Container docker/compose:1.29.2 started in PT2.648964S
2024-12-04 12:42:44 [Test worker] INFO  tc.docker/compose:1.29.2 - Docker Compose container is running for command: up -d
2024-12-04 12:42:44 [docker-java-stream--1857255376] INFO  tc.docker/compose:1.29.2 - STDERR: Creating volume "bsh4wdwqc1vh_redis" with local driver
2024-12-04 12:42:44 [docker-java-stream--1857255376] INFO  tc.docker/compose:1.29.2 - STDERR: Creating bsh4wdwqc1vh_redis_1 ... 
2024-12-04 12:42:44 [docker-java-stream--1857255376] INFO  tc.docker/compose:1.29.2 - STDERR: Creating bsh4wdwqc1vh_redis_1 ... done
2024-12-04 12:42:44 [Test worker] INFO  tc.docker/compose:1.29.2 - Docker Compose has finished running
2024-12-04 12:42:44 [Test worker] INFO  tc.alpine/socat:1.7.4.3-r0 - Creating container for image: alpine/socat:1.7.4.3-r0
2024-12-04 12:42:44 [Test worker] INFO  tc.alpine/socat:1.7.4.3-r0 - Container alpine/socat:1.7.4.3-r0 is starting: bdec8fac874e21fed3ca5cac373821672fb3297f87862b6da310269fc9721ec2
2024-12-04 12:42:45 [Test worker] INFO  tc.alpine/socat:1.7.4.3-r0 - Container alpine/socat:1.7.4.3-r0 started in PT0.532414S
redis started
2024-12-04 12:42:47 [lettuce-eventExecutorLoop-3-2] INFO  i.l.core.protocol.ConnectionWatchdog - Reconnecting, last destination was localhost/<unresolved>:6379
2024-12-04 12:42:47 [lettuce-nioEventLoop-7-2] INFO  i.l.c.protocol.ReconnectionHandler - Reconnected to localhost/<unresolved>:6379
ApiResponse(index=0, responseCode=200, remainingRateLimitTokens=19, requestTime=2024-12-04T12:42:48.511441)
ApiResponse(index=1, responseCode=200, remainingRateLimitTokens=18, requestTime=2024-12-04T12:42:48.592847)
ApiResponse(index=2, responseCode=200, remainingRateLimitTokens=17, requestTime=2024-12-04T12:42:48.677098)
ApiResponse(index=3, responseCode=200, remainingRateLimitTokens=16, requestTime=2024-12-04T12:42:48.762201)
ApiResponse(index=5, responseCode=200, remainingRateLimitTokens=14, requestTime=2024-12-04T12:42:48.927174)
ApiResponse(index=4, responseCode=200, remainingRateLimitTokens=15, requestTime=2024-12-04T12:42:48.843354)
ApiResponse(index=6, responseCode=200, remainingRateLimitTokens=19, requestTime=2024-12-04T12:42:49.008201)
ApiResponse(index=7, responseCode=200, remainingRateLimitTokens=18, requestTime=2024-12-04T12:42:49.090768)
ApiResponse(index=8, responseCode=200, remainingRateLimitTokens=17, requestTime=2024-12-04T12:42:49.179930)
ApiResponse(index=9, responseCode=200, remainingRateLimitTokens=16, requestTime=2024-12-04T12:42:49.261195)
ApiResponse(index=10, responseCode=200, remainingRateLimitTokens=15, requestTime=2024-12-04T12:42:49.343410)
ApiResponse(index=11, responseCode=200, remainingRateLimitTokens=14, requestTime=2024-12-04T12:42:49.426929)
ApiResponse(index=12, responseCode=200, remainingRateLimitTokens=13, requestTime=2024-12-04T12:42:49.508028)
ApiResponse(index=13, responseCode=200, remainingRateLimitTokens=12, requestTime=2024-12-04T12:42:49.589117)
ApiResponse(index=14, responseCode=200, remainingRateLimitTokens=11, requestTime=2024-12-04T12:42:49.669662)
ApiResponse(index=15, responseCode=200, remainingRateLimitTokens=10, requestTime=2024-12-04T12:42:49.755140)
ApiResponse(index=18, responseCode=200, remainingRateLimitTokens=17, requestTime=2024-12-04T12:42:50.003438)
ApiResponse(index=17, responseCode=200, remainingRateLimitTokens=8, requestTime=2024-12-04T12:42:49.920278)
ApiResponse(index=21, responseCode=200, remainingRateLimitTokens=14, requestTime=2024-12-04T12:42:50.249746)
ApiResponse(index=22, responseCode=200, remainingRateLimitTokens=13, requestTime=2024-12-04T12:42:50.332801)
ApiResponse(index=16, responseCode=200, remainingRateLimitTokens=9, requestTime=2024-12-04T12:42:49.837600)
ApiResponse(index=23, responseCode=200, remainingRateLimitTokens=12, requestTime=2024-12-04T12:42:50.413505)
ApiResponse(index=24, responseCode=200, remainingRateLimitTokens=11, requestTime=2024-12-04T12:42:50.495156)
ApiResponse(index=25, responseCode=200, remainingRateLimitTokens=10, requestTime=2024-12-04T12:42:50.580309)
ApiResponse(index=19, responseCode=200, remainingRateLimitTokens=16, requestTime=2024-12-04T12:42:50.084610)
ApiResponse(index=20, responseCode=200, remainingRateLimitTokens=15, requestTime=2024-12-04T12:42:50.166252)
ApiResponse(index=26, responseCode=200, remainingRateLimitTokens=9, requestTime=2024-12-04T12:42:50.665184)
ApiResponse(index=27, responseCode=200, remainingRateLimitTokens=8, requestTime=2024-12-04T12:42:50.749144)
ApiResponse(index=28, responseCode=200, remainingRateLimitTokens=7, requestTime=2024-12-04T12:42:50.834244)
ApiResponse(index=29, responseCode=200, remainingRateLimitTokens=6, requestTime=2024-12-04T12:42:50.914943)
ApiResponse(index=30, responseCode=200, remainingRateLimitTokens=15, requestTime=2024-12-04T12:42:51.000195)
ApiResponse(index=31, responseCode=200, remainingRateLimitTokens=14, requestTime=2024-12-04T12:42:51.081306)
ApiResponse(index=32, responseCode=200, remainingRateLimitTokens=13, requestTime=2024-12-04T12:42:51.166661)
ApiResponse(index=34, responseCode=200, remainingRateLimitTokens=11, requestTime=2024-12-04T12:42:51.333721)
ApiResponse(index=33, responseCode=200, remainingRateLimitTokens=12, requestTime=2024-12-04T12:42:51.248588)
ApiResponse(index=35, responseCode=200, remainingRateLimitTokens=10, requestTime=2024-12-04T12:42:51.417726)
ApiResponse(index=38, responseCode=200, remainingRateLimitTokens=7, requestTime=2024-12-04T12:42:51.666230)
ApiResponse(index=39, responseCode=200, remainingRateLimitTokens=6, requestTime=2024-12-04T12:42:51.746659)
ApiResponse(index=40, responseCode=200, remainingRateLimitTokens=5, requestTime=2024-12-04T12:42:51.830294)
ApiResponse(index=41, responseCode=200, remainingRateLimitTokens=4, requestTime=2024-12-04T12:42:51.915282)
ApiResponse(index=42, responseCode=200, remainingRateLimitTokens=3, requestTime=2024-12-04T12:42:51.996778)
ApiResponse(index=43, responseCode=200, remainingRateLimitTokens=12, requestTime=2024-12-04T12:42:52.080994)
ApiResponse(index=37, responseCode=200, remainingRateLimitTokens=8, requestTime=2024-12-04T12:42:51.584715)
ApiResponse(index=44, responseCode=200, remainingRateLimitTokens=11, requestTime=2024-12-04T12:42:52.163047)
ApiResponse(index=36, responseCode=200, remainingRateLimitTokens=9, requestTime=2024-12-04T12:42:51.499570)
ApiResponse(index=45, responseCode=200, remainingRateLimitTokens=10, requestTime=2024-12-04T12:42:52.244748)
ApiResponse(index=46, responseCode=200, remainingRateLimitTokens=9, requestTime=2024-12-04T12:42:52.325933)
ApiResponse(index=47, responseCode=200, remainingRateLimitTokens=8, requestTime=2024-12-04T12:42:52.408160)
ApiResponse(index=48, responseCode=200, remainingRateLimitTokens=7, requestTime=2024-12-04T12:42:52.491465)
ApiResponse(index=49, responseCode=200, remainingRateLimitTokens=6, requestTime=2024-12-04T12:42:52.572265)
200 Count: 50
Time difference: 4 seconds
2024-12-04 12:42:52 [Test worker] INFO  tc.docker/compose:1.29.2 - Copying all files in /Users/grainneomalley/damo/workspace/college/damo_partner_portal/gateway-api/local into the container
2024-12-04 12:42:52 [Test worker] INFO  tc.docker/compose:1.29.2 - Creating container for image: docker/compose:1.29.2
2024-12-04 12:42:53 [Test worker] INFO  tc.docker/compose:1.29.2 - Container docker/compose:1.29.2 is starting: 247d92d2e24c3943392f554d79c411f88794fd6d5a651eda9522f3b7dbf8659d
2024-12-04 12:42:54 [lettuce-eventExecutorLoop-3-3] INFO  i.l.core.protocol.ConnectionWatchdog - Reconnecting, last destination was localhost/[0:0:0:0:0:0:0:1]:6379
2024-12-04 12:42:54 [lettuce-nioEventLoop-7-3] WARN  i.l.core.protocol.ConnectionWatchdog - Cannot reconnect to [localhost/<unresolved>:6379]: Connection reset
java.net.SocketException: Connection reset
	at java.base/sun.nio.ch.SocketChannelImpl.throwConnectionReset(SocketChannelImpl.java:401)
	at java.base/sun.nio.ch.SocketChannelImpl.read(SocketChannelImpl.java:434)
	at io.netty.buffer.PooledByteBuf.setBytes(PooledByteBuf.java:255)
	at io.netty.buffer.AbstractByteBuf.writeBytes(AbstractByteBuf.java:1132)
	at io.netty.channel.socket.nio.NioSocketChannel.doReadBytes(NioSocketChannel.java:356)
	at io.netty.channel.nio.AbstractNioByteChannel$NioByteUnsafe.read(AbstractNioByteChannel.java:151)
	at io.netty.channel.nio.NioEventLoop.processSelectedKey(NioEventLoop.java:788)
	at io.netty.channel.nio.NioEventLoop.processSelectedKeysOptimized(NioEventLoop.java:724)
	at io.netty.channel.nio.NioEventLoop.processSelectedKeys(NioEventLoop.java:650)
	at io.netty.channel.nio.NioEventLoop.run(NioEventLoop.java:562)
	at io.netty.util.concurrent.SingleThreadEventExecutor$4.run(SingleThreadEventExecutor.java:997)
	at io.netty.util.internal.ThreadExecutorMap$2.run(ThreadExecutorMap.java:74)
	at io.netty.util.concurrent.FastThreadLocalRunnable.run(FastThreadLocalRunnable.java:30)
	at java.base/java.lang.Thread.run(Thread.java:1583)
2024-12-04 12:42:55 [Test worker] INFO  tc.docker/compose:1.29.2 - Container docker/compose:1.29.2 started in PT2.125618S
2024-12-04 12:42:55 [Test worker] INFO  tc.docker/compose:1.29.2 - Docker Compose container is running for command: down -v
2024-12-04 12:42:55 [docker-java-stream-589462183] INFO  tc.docker/compose:1.29.2 - STDERR: Stopping bsh4wdwqc1vh_redis_1 ... 
2024-12-04 12:42:55 [docker-java-stream-589462183] INFO  tc.docker/compose:1.29.2 - STDERR: Stopping bsh4wdwqc1vh_redis_1 ... done
2024-12-04 12:42:55 [docker-java-stream-589462183] INFO  tc.docker/compose:1.29.2 - STDERR: Removing bsh4wdwqc1vh_redis_1 ... 
2024-12-04 12:42:55 [docker-java-stream-589462183] INFO  tc.docker/compose:1.29.2 - STDERR: Removing bsh4wdwqc1vh_redis_1 ... done
2024-12-04 12:42:55 [docker-java-stream-589462183] INFO  tc.docker/compose:1.29.2 - STDERR: Network damo_network is external, skipping
2024-12-04 12:42:55 [docker-java-stream-589462183] INFO  tc.docker/compose:1.29.2 - STDERR: Removing volume bsh4wdwqc1vh_redis
2024-12-04 12:42:55 [Test worker] INFO  tc.docker/compose:1.29.2 - Docker Compose has finished running
]]></system-out>
  <system-err><![CDATA[]]></system-err>
</testsuite>
