<?xml version="1.0" encoding="UTF-8"?>
<testsuite name="com.ssd.gateway.ratelimit.BurstJustBelowMaxAllowedRateLimitTest" tests="1" skipped="0" failures="0" errors="0" timestamp="2024-12-03T09:49:34" hostname="Grainnes-MBP" time="0.767">
  <properties/>
  <testcase name="hammer API()" classname="com.ssd.gateway.ratelimit.BurstJustBelowMaxAllowedRateLimitTest" time="0.767"/>
  <system-out><![CDATA[2024-12-03 09:49:28 [Test worker] INFO  o.s.t.c.s.AnnotationConfigContextLoaderUtils - Could not detect default configuration classes for test class [com.ssd.gateway.ratelimit.BurstJustBelowMaxAllowedRateLimitTest]: BurstJustBelowMaxAllowedRateLimitTest does not declare any static, non-private, non-final, nested classes annotated with @Configuration.
2024-12-03 09:49:28 [Test worker] INFO  o.s.b.t.c.SpringBootTestContextBootstrapper - Found @SpringBootConfiguration com.ssd.gateway.Application for test class com.ssd.gateway.ratelimit.BurstJustBelowMaxAllowedRateLimitTest
Project root directory: /Users/grainneomalley/damo/workspace/college/damo_partner_portal/gateway-api
starting redis..
2024-12-03 09:49:28 [Test worker] INFO  o.t.containers.ComposeDelegate - Preemptively checking local images for 'bitnami/redis:latest', referenced via a compose file or transitive Dockerfile. If not available, it will be pulled.
2024-12-03 09:49:28 [Test worker] INFO  tc.docker/compose:1.29.2 - Copying all files in /Users/grainneomalley/damo/workspace/college/damo_partner_portal/gateway-api/local into the container
2024-12-03 09:49:28 [Test worker] INFO  tc.docker/compose:1.29.2 - Creating container for image: docker/compose:1.29.2
2024-12-03 09:49:28 [Test worker] INFO  tc.docker/compose:1.29.2 - Container docker/compose:1.29.2 is starting: 9b12fa80f64b3925cc02ae2856839deb37a9cf6c7c47994cc2bf60f241874a5b
2024-12-03 09:49:30 [Test worker] INFO  tc.docker/compose:1.29.2 - Container docker/compose:1.29.2 started in PT2.648499S
2024-12-03 09:49:30 [Test worker] INFO  tc.docker/compose:1.29.2 - Docker Compose container is running for command: up -d
2024-12-03 09:49:30 [docker-java-stream-1050261978] INFO  tc.docker/compose:1.29.2 - STDERR: Creating volume "drfhrmmz9acv_redis" with local driver
2024-12-03 09:49:30 [docker-java-stream-1050261978] INFO  tc.docker/compose:1.29.2 - STDERR: Creating drfhrmmz9acv_redis_1 ... 
2024-12-03 09:49:30 [docker-java-stream-1050261978] INFO  tc.docker/compose:1.29.2 - STDERR: Creating drfhrmmz9acv_redis_1 ... done
2024-12-03 09:49:30 [Test worker] INFO  tc.docker/compose:1.29.2 - Docker Compose has finished running
2024-12-03 09:49:30 [Test worker] INFO  tc.alpine/socat:1.7.4.3-r0 - Creating container for image: alpine/socat:1.7.4.3-r0
2024-12-03 09:49:31 [Test worker] INFO  tc.alpine/socat:1.7.4.3-r0 - Container alpine/socat:1.7.4.3-r0 is starting: dc22507e57fa7ad156486547c0b8b57482773e9b37ae63a2d864115dc40fb3d5
2024-12-03 09:49:31 [Test worker] INFO  tc.alpine/socat:1.7.4.3-r0 - Container alpine/socat:1.7.4.3-r0 started in PT0.550526S
redis started
2024-12-03 09:49:32 [lettuce-nioEventLoop-7-5] INFO  i.l.c.protocol.ReconnectionHandler - Reconnected to localhost/<unresolved>:6379
ApiResponse(index=4, responseCode=200, remainingRateLimitTokens=16, requestTime=2024-12-03T09:49:34.640949)
ApiResponse(index=14, responseCode=200, remainingRateLimitTokens=17, requestTime=2024-12-03T09:49:34.642307)
ApiResponse(index=0, responseCode=200, remainingRateLimitTokens=18, requestTime=2024-12-03T09:49:34.640671)
ApiResponse(index=16, responseCode=200, remainingRateLimitTokens=14, requestTime=2024-12-03T09:49:34.643143)
ApiResponse(index=1, responseCode=200, remainingRateLimitTokens=15, requestTime=2024-12-03T09:49:34.640671)
ApiResponse(index=10, responseCode=200, remainingRateLimitTokens=19, requestTime=2024-12-03T09:49:34.641816)
ApiResponse(index=13, responseCode=200, remainingRateLimitTokens=13, requestTime=2024-12-03T09:49:34.642200)
ApiResponse(index=8, responseCode=200, remainingRateLimitTokens=12, requestTime=2024-12-03T09:49:34.641373)
ApiResponse(index=6, responseCode=200, remainingRateLimitTokens=11, requestTime=2024-12-03T09:49:34.641154)
ApiResponse(index=7, responseCode=200, remainingRateLimitTokens=9, requestTime=2024-12-03T09:49:34.641275)
ApiResponse(index=9, responseCode=200, remainingRateLimitTokens=10, requestTime=2024-12-03T09:49:34.641540)
ApiResponse(index=12, responseCode=200, remainingRateLimitTokens=7, requestTime=2024-12-03T09:49:34.641991)
ApiResponse(index=3, responseCode=200, remainingRateLimitTokens=8, requestTime=2024-12-03T09:49:34.640874)
ApiResponse(index=18, responseCode=200, remainingRateLimitTokens=5, requestTime=2024-12-03T09:49:34.645873)
ApiResponse(index=2, responseCode=200, remainingRateLimitTokens=4, requestTime=2024-12-03T09:49:34.640748)
ApiResponse(index=5, responseCode=200, remainingRateLimitTokens=3, requestTime=2024-12-03T09:49:34.641056)
ApiResponse(index=15, responseCode=200, remainingRateLimitTokens=2, requestTime=2024-12-03T09:49:34.642311)
ApiResponse(index=11, responseCode=200, remainingRateLimitTokens=1, requestTime=2024-12-03T09:49:34.641946)
ApiResponse(index=17, responseCode=200, remainingRateLimitTokens=6, requestTime=2024-12-03T09:49:34.646602)
200 Count: 19
Time difference: 0 seconds
2024-12-03 09:49:35 [Test worker] INFO  tc.docker/compose:1.29.2 - Copying all files in /Users/grainneomalley/damo/workspace/college/damo_partner_portal/gateway-api/local into the container
2024-12-03 09:49:35 [Test worker] INFO  tc.docker/compose:1.29.2 - Creating container for image: docker/compose:1.29.2
2024-12-03 09:49:35 [Test worker] INFO  tc.docker/compose:1.29.2 - Container docker/compose:1.29.2 is starting: eb24d32bd5aec899ca6a4ffc808f98c26e0a379ba3a7394dbb8073780d10ae26
2024-12-03 09:49:37 [lettuce-eventExecutorLoop-3-6] INFO  i.l.core.protocol.ConnectionWatchdog - Reconnecting, last destination was localhost/[0:0:0:0:0:0:0:1]:6379
2024-12-03 09:49:37 [lettuce-nioEventLoop-7-6] WARN  i.l.core.protocol.ConnectionWatchdog - Cannot reconnect to [localhost/<unresolved>:6379]: Connection closed prematurely
io.lettuce.core.RedisConnectionException: Connection closed prematurely
	at io.lettuce.core.protocol.RedisHandshakeHandler.channelInactive(RedisHandshakeHandler.java:76)
	at io.netty.channel.AbstractChannelHandlerContext.invokeChannelInactive(AbstractChannelHandlerContext.java:303)
	at io.netty.channel.AbstractChannelHandlerContext.invokeChannelInactive(AbstractChannelHandlerContext.java:281)
	at io.netty.channel.AbstractChannelHandlerContext.fireChannelInactive(AbstractChannelHandlerContext.java:274)
	at io.netty.channel.ChannelInboundHandlerAdapter.channelInactive(ChannelInboundHandlerAdapter.java:81)
	at io.lettuce.core.ChannelGroupListener.channelInactive(ChannelGroupListener.java:54)
	at io.netty.channel.AbstractChannelHandlerContext.invokeChannelInactive(AbstractChannelHandlerContext.java:303)
	at io.netty.channel.AbstractChannelHandlerContext.invokeChannelInactive(AbstractChannelHandlerContext.java:281)
	at io.netty.channel.AbstractChannelHandlerContext.fireChannelInactive(AbstractChannelHandlerContext.java:274)
	at io.netty.channel.DefaultChannelPipeline$HeadContext.channelInactive(DefaultChannelPipeline.java:1352)
	at io.netty.channel.AbstractChannelHandlerContext.invokeChannelInactive(AbstractChannelHandlerContext.java:301)
	at io.netty.channel.AbstractChannelHandlerContext.invokeChannelInactive(AbstractChannelHandlerContext.java:281)
	at io.netty.channel.DefaultChannelPipeline.fireChannelInactive(DefaultChannelPipeline.java:850)
	at io.netty.channel.AbstractChannel$AbstractUnsafe$7.run(AbstractChannel.java:811)
	at io.netty.util.concurrent.AbstractEventExecutor.runTask(AbstractEventExecutor.java:173)
	at io.netty.util.concurrent.AbstractEventExecutor.safeExecute(AbstractEventExecutor.java:166)
	at io.netty.util.concurrent.SingleThreadEventExecutor.runAllTasks(SingleThreadEventExecutor.java:472)
	at io.netty.channel.nio.NioEventLoop.run(NioEventLoop.java:566)
	at io.netty.util.concurrent.SingleThreadEventExecutor$4.run(SingleThreadEventExecutor.java:997)
	at io.netty.util.internal.ThreadExecutorMap$2.run(ThreadExecutorMap.java:74)
	at io.netty.util.concurrent.FastThreadLocalRunnable.run(FastThreadLocalRunnable.java:30)
	at java.base/java.lang.Thread.run(Thread.java:1583)
2024-12-03 09:49:38 [Test worker] INFO  tc.docker/compose:1.29.2 - Container docker/compose:1.29.2 started in PT2.386007S
2024-12-03 09:49:38 [Test worker] INFO  tc.docker/compose:1.29.2 - Docker Compose container is running for command: down -v
2024-12-03 09:49:38 [docker-java-stream--1597060072] INFO  tc.docker/compose:1.29.2 - STDERR: Stopping drfhrmmz9acv_redis_1 ... 
2024-12-03 09:49:38 [docker-java-stream--1597060072] INFO  tc.docker/compose:1.29.2 - STDERR: Stopping drfhrmmz9acv_redis_1 ... done
2024-12-03 09:49:38 [docker-java-stream--1597060072] INFO  tc.docker/compose:1.29.2 - STDERR: Removing drfhrmmz9acv_redis_1 ... 
2024-12-03 09:49:38 [docker-java-stream--1597060072] INFO  tc.docker/compose:1.29.2 - STDERR: Removing drfhrmmz9acv_redis_1 ... done
2024-12-03 09:49:38 [docker-java-stream--1597060072] INFO  tc.docker/compose:1.29.2 - STDERR: Network damo_network is external, skipping
2024-12-03 09:49:38 [docker-java-stream--1597060072] INFO  tc.docker/compose:1.29.2 - STDERR: Removing volume drfhrmmz9acv_redis
2024-12-03 09:49:38 [Test worker] INFO  tc.docker/compose:1.29.2 - Docker Compose has finished running
]]></system-out>
  <system-err><![CDATA[]]></system-err>
</testsuite>
