<?xml version="1.0" encoding="UTF-8"?>
<testsuite name="com.ssd.gateway.integrationTest.ratelimit.BurstJustAboveMaxAllowedRateLimitTest" tests="1" skipped="0" failures="0" errors="0" timestamp="2024-12-04T12:42:05" hostname="Grainnes-MBP" time="1.122">
  <properties/>
  <testcase name="hammer API()" classname="com.ssd.gateway.integrationTest.ratelimit.BurstJustAboveMaxAllowedRateLimitTest" time="1.122"/>
  <system-out><![CDATA[2024-12-04 12:41:58 [Test worker] INFO  o.s.t.c.s.AnnotationConfigContextLoaderUtils - Could not detect default configuration classes for test class [com.ssd.gateway.integrationTest.ratelimit.BurstJustAboveMaxAllowedRateLimitTest]: BurstJustAboveMaxAllowedRateLimitTest does not declare any static, non-private, non-final, nested classes annotated with @Configuration.
2024-12-04 12:41:58 [Test worker] INFO  o.s.b.t.c.SpringBootTestContextBootstrapper - Found @SpringBootConfiguration com.ssd.gateway.Application for test class com.ssd.gateway.integrationTest.ratelimit.BurstJustAboveMaxAllowedRateLimitTest
Project root directory: /Users/grainneomalley/damo/workspace/college/damo_partner_portal/gateway-api
starting redis..
2024-12-04 12:41:58 [Test worker] INFO  o.t.containers.ComposeDelegate - Preemptively checking local images for 'bitnami/redis:latest', referenced via a compose file or transitive Dockerfile. If not available, it will be pulled.
2024-12-04 12:41:58 [Test worker] INFO  tc.docker/compose:1.29.2 - Copying all files in /Users/grainneomalley/damo/workspace/college/damo_partner_portal/gateway-api/local into the container
2024-12-04 12:41:58 [Test worker] INFO  tc.docker/compose:1.29.2 - Creating container for image: docker/compose:1.29.2
2024-12-04 12:41:58 [Test worker] INFO  tc.docker/compose:1.29.2 - Container docker/compose:1.29.2 is starting: 5eb10583cce3ade7626d3bcc0123b747baea7792ea76ff2958ca1b9800c5afc9
2024-12-04 12:42:01 [Test worker] INFO  tc.docker/compose:1.29.2 - Container docker/compose:1.29.2 started in PT2.971898S
2024-12-04 12:42:01 [Test worker] INFO  tc.docker/compose:1.29.2 - Docker Compose container is running for command: up -d
2024-12-04 12:42:01 [docker-java-stream--2070029154] INFO  tc.docker/compose:1.29.2 - STDERR: Creating volume "t4nnqrkipogp_redis" with local driver
2024-12-04 12:42:01 [docker-java-stream--2070029154] INFO  tc.docker/compose:1.29.2 - STDERR: Creating t4nnqrkipogp_redis_1 ... 
2024-12-04 12:42:01 [docker-java-stream--2070029154] INFO  tc.docker/compose:1.29.2 - STDERR: Creating t4nnqrkipogp_redis_1 ... done
2024-12-04 12:42:01 [Test worker] INFO  tc.docker/compose:1.29.2 - Docker Compose has finished running
2024-12-04 12:42:01 [Test worker] INFO  tc.alpine/socat:1.7.4.3-r0 - Creating container for image: alpine/socat:1.7.4.3-r0
2024-12-04 12:42:01 [Test worker] INFO  tc.alpine/socat:1.7.4.3-r0 - Container alpine/socat:1.7.4.3-r0 is starting: 9f52eaf19eaa703ea85b0becbce911436da1ab1481c4d9689a572b906ecab2a0
2024-12-04 12:42:02 [Test worker] INFO  tc.alpine/socat:1.7.4.3-r0 - Container alpine/socat:1.7.4.3-r0 started in PT0.795788S
redis started
2024-12-04 12:42:03 [lettuce-eventExecutorLoop-3-6] INFO  i.l.core.protocol.ConnectionWatchdog - Reconnecting, last destination was localhost/<unresolved>:6379
2024-12-04 12:42:03 [lettuce-nioEventLoop-7-6] INFO  i.l.c.protocol.ReconnectionHandler - Reconnected to localhost/<unresolved>:6379
ApiResponse(index=19, responseCode=429, remainingRateLimitTokens=0, requestTime=2024-12-04T12:42:05.905696)
ApiResponse(index=4, responseCode=200, remainingRateLimitTokens=18, requestTime=2024-12-04T12:42:05.894011)
ApiResponse(index=0, responseCode=200, remainingRateLimitTokens=16, requestTime=2024-12-04T12:42:05.893602)
ApiResponse(index=10, responseCode=200, remainingRateLimitTokens=14, requestTime=2024-12-04T12:42:05.896500)
ApiResponse(index=7, responseCode=200, remainingRateLimitTokens=9, requestTime=2024-12-04T12:42:05.895252)
ApiResponse(index=8, responseCode=200, remainingRateLimitTokens=8, requestTime=2024-12-04T12:42:05.895124)
ApiResponse(index=5, responseCode=200, remainingRateLimitTokens=11, requestTime=2024-12-04T12:42:05.894116)
ApiResponse(index=3, responseCode=200, remainingRateLimitTokens=10, requestTime=2024-12-04T12:42:05.893805)
ApiResponse(index=20, responseCode=200, remainingRateLimitTokens=5, requestTime=2024-12-04T12:42:05.905697)
ApiResponse(index=18, responseCode=200, remainingRateLimitTokens=4, requestTime=2024-12-04T12:42:05.904028)
ApiResponse(index=13, responseCode=200, remainingRateLimitTokens=2, requestTime=2024-12-04T12:42:05.897594)
ApiResponse(index=17, responseCode=200, remainingRateLimitTokens=1, requestTime=2024-12-04T12:42:05.900691)
ApiResponse(index=16, responseCode=200, remainingRateLimitTokens=0, requestTime=2024-12-04T12:42:05.900985)
ApiResponse(index=12, responseCode=200, remainingRateLimitTokens=17, requestTime=2024-12-04T12:42:05.896938)
ApiResponse(index=15, responseCode=200, remainingRateLimitTokens=15, requestTime=2024-12-04T12:42:05.898671)
ApiResponse(index=1, responseCode=200, remainingRateLimitTokens=19, requestTime=2024-12-04T12:42:05.893602)
ApiResponse(index=9, responseCode=200, remainingRateLimitTokens=3, requestTime=2024-12-04T12:42:05.896145)
ApiResponse(index=14, responseCode=200, remainingRateLimitTokens=12, requestTime=2024-12-04T12:42:05.897956)
ApiResponse(index=11, responseCode=200, remainingRateLimitTokens=7, requestTime=2024-12-04T12:42:05.895746)
ApiResponse(index=2, responseCode=200, remainingRateLimitTokens=13, requestTime=2024-12-04T12:42:05.893649)
ApiResponse(index=6, responseCode=200, remainingRateLimitTokens=6, requestTime=2024-12-04T12:42:05.894661)
429 Count: 1
200 Count: 20
Time difference: 0 seconds
2024-12-04 12:42:07 [Test worker] INFO  tc.docker/compose:1.29.2 - Copying all files in /Users/grainneomalley/damo/workspace/college/damo_partner_portal/gateway-api/local into the container
2024-12-04 12:42:07 [Test worker] INFO  tc.docker/compose:1.29.2 - Creating container for image: docker/compose:1.29.2
2024-12-04 12:42:07 [Test worker] INFO  tc.docker/compose:1.29.2 - Container docker/compose:1.29.2 is starting: 27cd696114cefe8283ce6e20e9a250556db210451cb1e5f432566fba1f70b82d
2024-12-04 12:42:09 [lettuce-eventExecutorLoop-3-7] INFO  i.l.core.protocol.ConnectionWatchdog - Reconnecting, last destination was localhost/[0:0:0:0:0:0:0:1]:6379
2024-12-04 12:42:09 [lettuce-nioEventLoop-7-7] WARN  i.l.core.protocol.ConnectionWatchdog - Cannot reconnect to [localhost/<unresolved>:6379]: Connection closed prematurely
io.lettuce.core.RedisConnectionException: Connection closed prematurely
	at io.lettuce.core.protocol.RedisHandshakeHandler.channelInactive(RedisHandshakeHandler.java:76)
	at io.netty.channel.AbstractChannelHandlerContext.invokeChannelInactive(AbstractChannelHandlerContext.java:303)
	at io.netty.channel.AbstractChannelHandlerContext.invokeChannelInactive(AbstractChannelHandlerContext.java:281)
	at io.netty.channel.AbstractChannelHandlerContext.fireChannelInactive(AbstractChannelHandlerContext.java:274)
	at io.netty.channel.ChannelInboundHandlerAdapter.channelInactive(ChannelInboundHandlerAdapter.java:81)
	at io.lettuce.core.ChannelGroupListener.channelInactive(ChannelGroupListener.java:54)
	at io.netty.channel.AbstractChannelHandlerContext.invokeChannelInactive(AbstractChannelHandlerContext.java:303)
	at io.netty.channel.AbstractChannelHandlerContext.invokeChannelInactive(AbstractChannelHandlerContext.java:281)
	at io.netty.channel.AbstractChannelHandlerContext.fireChannelInactive(AbstractChannelHandlerContext.java:274)
	at io.netty.channel.DefaultChannelPipeline$HeadContext.channelInactive(DefaultChannelPipeline.java:1352)
	at io.netty.channel.AbstractChannelHandlerContext.invokeChannelInactive(AbstractChannelHandlerContext.java:301)
	at io.netty.channel.AbstractChannelHandlerContext.invokeChannelInactive(AbstractChannelHandlerContext.java:281)
	at io.netty.channel.DefaultChannelPipeline.fireChannelInactive(DefaultChannelPipeline.java:850)
	at io.netty.channel.AbstractChannel$AbstractUnsafe$7.run(AbstractChannel.java:811)
	at io.netty.util.concurrent.AbstractEventExecutor.runTask(AbstractEventExecutor.java:173)
	at io.netty.util.concurrent.AbstractEventExecutor.safeExecute(AbstractEventExecutor.java:166)
	at io.netty.util.concurrent.SingleThreadEventExecutor.runAllTasks(SingleThreadEventExecutor.java:472)
	at io.netty.channel.nio.NioEventLoop.run(NioEventLoop.java:566)
	at io.netty.util.concurrent.SingleThreadEventExecutor$4.run(SingleThreadEventExecutor.java:997)
	at io.netty.util.internal.ThreadExecutorMap$2.run(ThreadExecutorMap.java:74)
	at io.netty.util.concurrent.FastThreadLocalRunnable.run(FastThreadLocalRunnable.java:30)
	at java.base/java.lang.Thread.run(Thread.java:1583)
2024-12-04 12:42:10 [Test worker] INFO  tc.docker/compose:1.29.2 - Container docker/compose:1.29.2 started in PT3.106226S
2024-12-04 12:42:10 [Test worker] INFO  tc.docker/compose:1.29.2 - Docker Compose container is running for command: down -v
2024-12-04 12:42:10 [docker-java-stream-296461849] INFO  tc.docker/compose:1.29.2 - STDERR: Stopping t4nnqrkipogp_redis_1 ... 
2024-12-04 12:42:10 [docker-java-stream-296461849] INFO  tc.docker/compose:1.29.2 - STDERR: Stopping t4nnqrkipogp_redis_1 ... done
2024-12-04 12:42:10 [docker-java-stream-296461849] INFO  tc.docker/compose:1.29.2 - STDERR: Removing t4nnqrkipogp_redis_1 ... 
2024-12-04 12:42:10 [docker-java-stream-296461849] INFO  tc.docker/compose:1.29.2 - STDERR: Removing t4nnqrkipogp_redis_1 ... done
2024-12-04 12:42:10 [docker-java-stream-296461849] INFO  tc.docker/compose:1.29.2 - STDERR: Network damo_network is external, skipping
2024-12-04 12:42:10 [docker-java-stream-296461849] INFO  tc.docker/compose:1.29.2 - STDERR: Removing volume t4nnqrkipogp_redis
2024-12-04 12:42:10 [Test worker] INFO  tc.docker/compose:1.29.2 - Docker Compose has finished running
]]></system-out>
  <system-err><![CDATA[]]></system-err>
</testsuite>
