<?xml version="1.0" encoding="UTF-8"?>
<testsuite name="com.ssd.gateway.ratelimit.BurstJustAboveMaxAllowedRateLimitTest" tests="1" skipped="0" failures="0" errors="0" timestamp="2024-12-04T12:04:49" hostname="Grainnes-MBP" time="3.147">
  <properties/>
  <testcase name="hammer API()" classname="com.ssd.gateway.ratelimit.BurstJustAboveMaxAllowedRateLimitTest" time="3.147"/>
  <system-out><![CDATA[2024-12-04 12:04:24 [Test worker] INFO  o.s.t.c.s.AnnotationConfigContextLoaderUtils - Could not detect default configuration classes for test class [com.ssd.gateway.ratelimit.BurstJustAboveMaxAllowedRateLimitTest]: BurstJustAboveMaxAllowedRateLimitTest does not declare any static, non-private, non-final, nested classes annotated with @Configuration.
2024-12-04 12:04:24 [Test worker] INFO  o.s.b.t.c.SpringBootTestContextBootstrapper - Found @SpringBootConfiguration com.ssd.gateway.Application for test class com.ssd.gateway.ratelimit.BurstJustAboveMaxAllowedRateLimitTest
Project root directory: /Users/grainneomalley/damo/workspace/college/damo_partner_portal/gateway-api
2024-12-04 12:04:25 [Test worker] INFO  o.testcontainers.images.PullPolicy - Image pull policy will be performed by: DefaultPullPolicy()
2024-12-04 12:04:25 [Test worker] INFO  o.t.utility.ImageNameSubstitutor - Image name substitution will be performed by: DefaultImageNameSubstitutor (composite of 'ConfigurationFileImageNameSubstitutor' and 'PrefixingImageNameSubstitutor')
starting redis..
2024-12-04 12:04:25 [Test worker] INFO  o.testcontainers.DockerClientFactory - Testcontainers version: 1.20.4
2024-12-04 12:04:25 [Test worker] INFO  o.t.d.DockerClientProviderStrategy - Loaded org.testcontainers.dockerclient.UnixSocketClientProviderStrategy from ~/.testcontainers.properties, will try it first
2024-12-04 12:04:25 [Test worker] INFO  o.t.d.DockerClientProviderStrategy - Found Docker environment with local Unix socket (unix:///var/run/docker.sock)
2024-12-04 12:04:25 [Test worker] INFO  o.testcontainers.DockerClientFactory - Docker host IP address is localhost
2024-12-04 12:04:25 [Test worker] INFO  o.testcontainers.DockerClientFactory - Connected to docker: 
  Server Version: 27.2.0
  API Version: 1.47
  Operating System: Docker Desktop
  Total Memory: 7839 MB
  Labels: 
    com.docker.desktop.address=unix:///Users/grainneomalley/Library/Containers/com.docker.docker/Data/docker-cli.sock
2024-12-04 12:04:25 [Test worker] INFO  o.t.utility.RyukResourceReaper - Ryuk started - will monitor and terminate Testcontainers containers on JVM exit
2024-12-04 12:04:25 [Test worker] INFO  o.testcontainers.DockerClientFactory - Checking the system...
2024-12-04 12:04:25 [Test worker] INFO  o.testcontainers.DockerClientFactory - ✔︎ Docker server version should be at least 1.6.0
2024-12-04 12:04:26 [Test worker] INFO  tc.testcontainers/ryuk:0.11.0 - Pulling docker image: testcontainers/ryuk:0.11.0. Please be patient; this may take some time but only needs to be done once.
2024-12-04 12:04:27 [docker-java-stream--1769513352] INFO  tc.testcontainers/ryuk:0.11.0 - Starting to pull image
2024-12-04 12:04:27 [docker-java-stream--1769513352] INFO  tc.testcontainers/ryuk:0.11.0 - Pulling image layers:  0 pending,  0 downloaded,  0 extracted, (0 bytes/0 bytes)
2024-12-04 12:04:28 [docker-java-stream--1769513352] INFO  tc.testcontainers/ryuk:0.11.0 - Pulling image layers:  2 pending,  1 downloaded,  0 extracted, (4 MB/? MB)
2024-12-04 12:04:28 [docker-java-stream--1769513352] INFO  tc.testcontainers/ryuk:0.11.0 - Pulling image layers:  1 pending,  2 downloaded,  0 extracted, (6 MB/? MB)
2024-12-04 12:04:28 [docker-java-stream--1769513352] INFO  tc.testcontainers/ryuk:0.11.0 - Pulling image layers:  0 pending,  3 downloaded,  0 extracted, (6 MB/10 MB)
2024-12-04 12:04:28 [docker-java-stream--1769513352] INFO  tc.testcontainers/ryuk:0.11.0 - Pull complete. 3 layers, pulled in 1s (downloaded 6 MB at 6 MB/s)
2024-12-04 12:04:28 [Test worker] INFO  tc.testcontainers/ryuk:0.11.0 - Image testcontainers/ryuk:0.11.0 pull took PT2.744145S
2024-12-04 12:04:29 [Test worker] INFO  tc.testcontainers/ryuk:0.11.0 - Creating container for image: testcontainers/ryuk:0.11.0
2024-12-04 12:04:29 [Test worker] INFO  tc.testcontainers/ryuk:0.11.0 - Container testcontainers/ryuk:0.11.0 is starting: e147f868d1dfcdfcc2e4aec94f89ac7a6e6c6e4f6943e3cf9d967ac833093cb5
2024-12-04 12:04:30 [Test worker] INFO  tc.testcontainers/ryuk:0.11.0 - Container testcontainers/ryuk:0.11.0 started in PT1.179375S
2024-12-04 12:04:30 [Test worker] INFO  o.t.containers.ComposeDelegate - Preemptively checking local images for 'bitnami/redis:latest', referenced via a compose file or transitive Dockerfile. If not available, it will be pulled.
2024-12-04 12:04:30 [Test worker] INFO  tc.bitnami/redis:latest - Pulling docker image: bitnami/redis:latest. Please be patient; this may take some time but only needs to be done once.
2024-12-04 12:04:31 [docker-java-stream--1619339181] INFO  tc.bitnami/redis:latest - Starting to pull image
2024-12-04 12:04:31 [docker-java-stream--1619339181] INFO  tc.bitnami/redis:latest - Pulling image layers:  0 pending,  0 downloaded,  0 extracted, (0 bytes/0 bytes)
2024-12-04 12:04:33 [docker-java-stream--1619339181] INFO  tc.bitnami/redis:latest - Pulling image layers:  0 pending,  1 downloaded,  0 extracted, (47 MB/49 MB)
2024-12-04 12:04:37 [docker-java-stream--1619339181] INFO  tc.bitnami/redis:latest - Pull complete. 1 layers, pulled in 5s (downloaded 47 MB at 9 MB/s)
2024-12-04 12:04:37 [Test worker] INFO  tc.bitnami/redis:latest - Image bitnami/redis:latest pull took PT6.928765S
2024-12-04 12:04:37 [Test worker] INFO  tc.docker/compose:1.29.2 - Copying all files in /Users/grainneomalley/damo/workspace/college/damo_partner_portal/gateway-api/local into the container
2024-12-04 12:04:37 [Test worker] INFO  tc.docker/compose:1.29.2 - Creating container for image: docker/compose:1.29.2
2024-12-04 12:04:38 [Test worker] INFO  tc.docker/compose:1.29.2 - Container docker/compose:1.29.2 is starting: 7765fbdbbb74fbbf61472f30c2ace2e65cefcdf944c71d1e86f1a8a4d9b04cd4
2024-12-04 12:04:41 [Test worker] INFO  tc.docker/compose:1.29.2 - Container docker/compose:1.29.2 started in PT4.397905S
2024-12-04 12:04:41 [Test worker] INFO  tc.docker/compose:1.29.2 - Docker Compose container is running for command: up -d
2024-12-04 12:04:41 [docker-java-stream--21644576] INFO  tc.docker/compose:1.29.2 - STDERR: Creating volume "zuyeaerputdd_redis" with local driver
2024-12-04 12:04:41 [docker-java-stream--21644576] INFO  tc.docker/compose:1.29.2 - STDERR: Creating zuyeaerputdd_redis_1 ... 
2024-12-04 12:04:41 [docker-java-stream--21644576] INFO  tc.docker/compose:1.29.2 - STDERR: Creating zuyeaerputdd_redis_1 ... done
2024-12-04 12:04:41 [Test worker] INFO  tc.docker/compose:1.29.2 - Docker Compose has finished running
2024-12-04 12:04:41 [Test worker] INFO  tc.alpine/socat:1.7.4.3-r0 - Creating container for image: alpine/socat:1.7.4.3-r0
2024-12-04 12:04:41 [Test worker] INFO  tc.alpine/socat:1.7.4.3-r0 - Container alpine/socat:1.7.4.3-r0 is starting: 8654b840ec509763eeb4c7d41622501eb84042509a8eda314eba0dea76c3273e
2024-12-04 12:04:42 [Test worker] INFO  tc.alpine/socat:1.7.4.3-r0 - Container alpine/socat:1.7.4.3-r0 started in PT0.862534S
redis started

  .   ____          _            __ _ _
 /\\ / ___'_ __ _ _(_)_ __  __ _ \ \ \ \
( ( )\___ | '_ | '_| | '_ \/ _` | \ \ \ \
 \\/  ___)| |_)| | | | | || (_| |  ) ) ) )
  '  |____| .__|_| |_|_| |_\__, | / / / /
 =========|_|==============|___/=/_/_/_/

 :: Spring Boot ::                (v3.4.0)

2024-12-04 12:04:46 [background-preinit] INFO  o.h.validator.internal.util.Version - HV000001: Hibernate Validator 8.0.1.Final
2024-12-04 12:04:46 [Test worker] INFO  c.s.g.r.BurstJustAboveMaxAllowedRateLimitTest - Starting BurstJustAboveMaxAllowedRateLimitTest using Java 21.0.4 with PID 62966 (started by grainneomalley in /Users/grainneomalley/damo/workspace/college/damo_partner_portal/gateway-api)
2024-12-04 12:04:46 [Test worker] INFO  c.s.g.r.BurstJustAboveMaxAllowedRateLimitTest - No active profile set, falling back to 1 default profile: "default"
2024-12-04 12:04:47 [Test worker] INFO  o.s.d.r.c.RepositoryConfigurationDelegate - Multiple Spring Data modules found, entering strict repository configuration mode
2024-12-04 12:04:47 [Test worker] INFO  o.s.d.r.c.RepositoryConfigurationDelegate - Bootstrapping Spring Data Redis repositories in DEFAULT mode.
2024-12-04 12:04:47 [Test worker] INFO  o.s.d.r.c.RepositoryConfigurationDelegate - Finished Spring Data repository scanning in 18 ms. Found 0 Redis repository interfaces.
2024-12-04 12:04:47 [Test worker] INFO  o.s.cloud.context.scope.GenericScope - BeanFactory id=2e2a56a3-0052-3876-a15e-5e6b25161f95
redisConfig.host localhost
2024-12-04 12:04:49 [Test worker] INFO  o.s.c.g.r.RouteDefinitionRouteLocator - Loaded RoutePredicateFactory [After]
2024-12-04 12:04:49 [Test worker] INFO  o.s.c.g.r.RouteDefinitionRouteLocator - Loaded RoutePredicateFactory [Before]
2024-12-04 12:04:49 [Test worker] INFO  o.s.c.g.r.RouteDefinitionRouteLocator - Loaded RoutePredicateFactory [Between]
2024-12-04 12:04:49 [Test worker] INFO  o.s.c.g.r.RouteDefinitionRouteLocator - Loaded RoutePredicateFactory [Cookie]
2024-12-04 12:04:49 [Test worker] INFO  o.s.c.g.r.RouteDefinitionRouteLocator - Loaded RoutePredicateFactory [Header]
2024-12-04 12:04:49 [Test worker] INFO  o.s.c.g.r.RouteDefinitionRouteLocator - Loaded RoutePredicateFactory [Host]
2024-12-04 12:04:49 [Test worker] INFO  o.s.c.g.r.RouteDefinitionRouteLocator - Loaded RoutePredicateFactory [Method]
2024-12-04 12:04:49 [Test worker] INFO  o.s.c.g.r.RouteDefinitionRouteLocator - Loaded RoutePredicateFactory [Path]
2024-12-04 12:04:49 [Test worker] INFO  o.s.c.g.r.RouteDefinitionRouteLocator - Loaded RoutePredicateFactory [Query]
2024-12-04 12:04:49 [Test worker] INFO  o.s.c.g.r.RouteDefinitionRouteLocator - Loaded RoutePredicateFactory [ReadBody]
2024-12-04 12:04:49 [Test worker] INFO  o.s.c.g.r.RouteDefinitionRouteLocator - Loaded RoutePredicateFactory [RemoteAddr]
2024-12-04 12:04:49 [Test worker] INFO  o.s.c.g.r.RouteDefinitionRouteLocator - Loaded RoutePredicateFactory [XForwardedRemoteAddr]
2024-12-04 12:04:49 [Test worker] INFO  o.s.c.g.r.RouteDefinitionRouteLocator - Loaded RoutePredicateFactory [Weight]
2024-12-04 12:04:49 [Test worker] INFO  o.s.c.g.r.RouteDefinitionRouteLocator - Loaded RoutePredicateFactory [CloudFoundryRouteService]
2024-12-04 12:04:49 [Test worker] INFO  o.s.b.w.e.netty.NettyWebServer - Netty started on port 53019 (http)
2024-12-04 12:04:49 [Test worker] INFO  c.s.g.r.BurstJustAboveMaxAllowedRateLimitTest - Started BurstJustAboveMaxAllowedRateLimitTest in 3.889 seconds (process running for 26.59)
ApiResponse(index=12, responseCode=429, remainingRateLimitTokens=0, requestTime=2024-12-04T12:04:51.049488)
ApiResponse(index=8, responseCode=200, remainingRateLimitTokens=14, requestTime=2024-12-04T12:04:51.048637)
ApiResponse(index=6, responseCode=200, remainingRateLimitTokens=4, requestTime=2024-12-04T12:04:51.049401)
ApiResponse(index=15, responseCode=200, remainingRateLimitTokens=13, requestTime=2024-12-04T12:04:51.049092)
ApiResponse(index=7, responseCode=200, remainingRateLimitTokens=2, requestTime=2024-12-04T12:04:51.048835)
ApiResponse(index=19, responseCode=200, remainingRateLimitTokens=7, requestTime=2024-12-04T12:04:51.050728)
ApiResponse(index=10, responseCode=200, remainingRateLimitTokens=8, requestTime=2024-12-04T12:04:51.049608)
ApiResponse(index=4, responseCode=200, remainingRateLimitTokens=11, requestTime=2024-12-04T12:04:51.049521)
ApiResponse(index=14, responseCode=200, remainingRateLimitTokens=1, requestTime=2024-12-04T12:04:51.049208)
ApiResponse(index=5, responseCode=200, remainingRateLimitTokens=15, requestTime=2024-12-04T12:04:51.050046)
ApiResponse(index=20, responseCode=200, remainingRateLimitTokens=10, requestTime=2024-12-04T12:04:51.050728)
ApiResponse(index=1, responseCode=200, remainingRateLimitTokens=12, requestTime=2024-12-04T12:04:51.049317)
ApiResponse(index=18, responseCode=200, remainingRateLimitTokens=16, requestTime=2024-12-04T12:04:51.049913)
ApiResponse(index=3, responseCode=200, remainingRateLimitTokens=19, requestTime=2024-12-04T12:04:51.049147)
ApiResponse(index=13, responseCode=200, remainingRateLimitTokens=5, requestTime=2024-12-04T12:04:51.048557)
ApiResponse(index=9, responseCode=200, remainingRateLimitTokens=0, requestTime=2024-12-04T12:04:51.048557)
ApiResponse(index=16, responseCode=200, remainingRateLimitTokens=18, requestTime=2024-12-04T12:04:51.049354)
ApiResponse(index=0, responseCode=200, remainingRateLimitTokens=6, requestTime=2024-12-04T12:04:51.049872)
ApiResponse(index=17, responseCode=200, remainingRateLimitTokens=3, requestTime=2024-12-04T12:04:51.050148)
ApiResponse(index=2, responseCode=200, remainingRateLimitTokens=9, requestTime=2024-12-04T12:04:51.050174)
ApiResponse(index=11, responseCode=200, remainingRateLimitTokens=17, requestTime=2024-12-04T12:04:51.049039)
429 Count: 1
200 Count: 20
Time difference: 0 seconds
2024-12-04 12:04:53 [Test worker] INFO  tc.docker/compose:1.29.2 - Copying all files in /Users/grainneomalley/damo/workspace/college/damo_partner_portal/gateway-api/local into the container
2024-12-04 12:04:53 [Test worker] INFO  tc.docker/compose:1.29.2 - Creating container for image: docker/compose:1.29.2
2024-12-04 12:04:53 [Test worker] INFO  tc.docker/compose:1.29.2 - Container docker/compose:1.29.2 is starting: 48ecdd8e876d5d6cd9bbcca5dc0e462fbecba557a3d58d799139088218f9a8fe
2024-12-04 12:04:55 [lettuce-eventExecutorLoop-3-2] INFO  i.l.core.protocol.ConnectionWatchdog - Reconnecting, last destination was localhost/[0:0:0:0:0:0:0:1]:6379
2024-12-04 12:04:55 [lettuce-nioEventLoop-7-2] WARN  i.l.core.protocol.ConnectionWatchdog - Cannot reconnect to [localhost/<unresolved>:6379]: Connection closed prematurely
io.lettuce.core.RedisConnectionException: Connection closed prematurely
	at io.lettuce.core.protocol.RedisHandshakeHandler.channelInactive(RedisHandshakeHandler.java:76)
	at io.netty.channel.AbstractChannelHandlerContext.invokeChannelInactive(AbstractChannelHandlerContext.java:303)
	at io.netty.channel.AbstractChannelHandlerContext.invokeChannelInactive(AbstractChannelHandlerContext.java:281)
	at io.netty.channel.AbstractChannelHandlerContext.fireChannelInactive(AbstractChannelHandlerContext.java:274)
	at io.netty.channel.ChannelInboundHandlerAdapter.channelInactive(ChannelInboundHandlerAdapter.java:81)
	at io.lettuce.core.ChannelGroupListener.channelInactive(ChannelGroupListener.java:54)
	at io.netty.channel.AbstractChannelHandlerContext.invokeChannelInactive(AbstractChannelHandlerContext.java:303)
	at io.netty.channel.AbstractChannelHandlerContext.invokeChannelInactive(AbstractChannelHandlerContext.java:281)
	at io.netty.channel.AbstractChannelHandlerContext.fireChannelInactive(AbstractChannelHandlerContext.java:274)
	at io.netty.channel.DefaultChannelPipeline$HeadContext.channelInactive(DefaultChannelPipeline.java:1352)
	at io.netty.channel.AbstractChannelHandlerContext.invokeChannelInactive(AbstractChannelHandlerContext.java:301)
	at io.netty.channel.AbstractChannelHandlerContext.invokeChannelInactive(AbstractChannelHandlerContext.java:281)
	at io.netty.channel.DefaultChannelPipeline.fireChannelInactive(DefaultChannelPipeline.java:850)
	at io.netty.channel.AbstractChannel$AbstractUnsafe$7.run(AbstractChannel.java:811)
	at io.netty.util.concurrent.AbstractEventExecutor.runTask(AbstractEventExecutor.java:173)
	at io.netty.util.concurrent.AbstractEventExecutor.safeExecute(AbstractEventExecutor.java:166)
	at io.netty.util.concurrent.SingleThreadEventExecutor.runAllTasks(SingleThreadEventExecutor.java:472)
	at io.netty.channel.nio.NioEventLoop.run(NioEventLoop.java:566)
	at io.netty.util.concurrent.SingleThreadEventExecutor$4.run(SingleThreadEventExecutor.java:997)
	at io.netty.util.internal.ThreadExecutorMap$2.run(ThreadExecutorMap.java:74)
	at io.netty.util.concurrent.FastThreadLocalRunnable.run(FastThreadLocalRunnable.java:30)
	at java.base/java.lang.Thread.run(Thread.java:1583)
2024-12-04 12:04:55 [Test worker] INFO  tc.docker/compose:1.29.2 - Container docker/compose:1.29.2 started in PT2.51132S
2024-12-04 12:04:55 [Test worker] INFO  tc.docker/compose:1.29.2 - Docker Compose container is running for command: down -v
2024-12-04 12:04:55 [docker-java-stream-356106499] INFO  tc.docker/compose:1.29.2 - STDERR: Stopping zuyeaerputdd_redis_1 ... 
2024-12-04 12:04:55 [docker-java-stream-356106499] INFO  tc.docker/compose:1.29.2 - STDERR: Stopping zuyeaerputdd_redis_1 ... done
2024-12-04 12:04:55 [docker-java-stream-356106499] INFO  tc.docker/compose:1.29.2 - STDERR: Removing zuyeaerputdd_redis_1 ... 
2024-12-04 12:04:55 [docker-java-stream-356106499] INFO  tc.docker/compose:1.29.2 - STDERR: Removing zuyeaerputdd_redis_1 ... done
2024-12-04 12:04:55 [docker-java-stream-356106499] INFO  tc.docker/compose:1.29.2 - STDERR: Network damo_network is external, skipping
2024-12-04 12:04:55 [docker-java-stream-356106499] INFO  tc.docker/compose:1.29.2 - STDERR: Removing volume zuyeaerputdd_redis
2024-12-04 12:04:55 [Test worker] INFO  tc.docker/compose:1.29.2 - Docker Compose has finished running
]]></system-out>
  <system-err><![CDATA[Mockito is currently self-attaching to enable the inline-mock-maker. This will no longer work in future releases of the JDK. Please add Mockito as an agent to your build what is described in Mockito's documentation: https://javadoc.io/doc/org.mockito/mockito-core/latest/org/mockito/Mockito.html#0.3
WARNING: A Java agent has been loaded dynamically (/Users/grainneomalley/.gradle/caches/modules-2/files-2.1/net.bytebuddy/byte-buddy-agent/1.15.10/e8eb255b2c378b9a6c7341e7b0e12f0a5636377/byte-buddy-agent-1.15.10.jar)
WARNING: If a serviceability tool is in use, please run with -XX:+EnableDynamicAgentLoading to hide this warning
WARNING: If a serviceability tool is not in use, please run with -Djdk.instrument.traceUsage for more information
WARNING: Dynamic loading of agents will be disallowed by default in a future release
]]></system-err>
</testsuite>
